=== ENHANCED PAYMENT SYNC LOG ===
Started at: 2025-08-17T08:51:43.680Z
Processing Square with orders/customers and contacts

✓ Supabase client initialized
✓ Square provider initialized (REQUIRED)
✓ DA-LODGETIX initialized
✓ WS-LODGETIX initialized
✓ WS-LODGETICKETS initialized

Initialized 4 payment provider(s)

=== STARTING ENHANCED PAYMENT SYNC ===
Processing workflow:
1. Import payment to import_payments (with field transformation)
2. Fetch order/customer for Square payments
3. Find registration in Supabase
4. Update with charge ID for Stripe
5. Import to import_registrations (with field transformation)
6. Import attendees to import_attendees
7. Import tickets to import_tickets
8. Import contacts to import_contacts with deduplication
9. Process booking contact as customer with registration metadata
9. Selective sync to production collections based on field comparison

✓ Connected to MongoDB:
  Cluster: LodgeTix-migration-test-1
  Database: lodgetix
  URI: mongodb+srv:****@lodgetix-migration-test.wydwfu6.mongodb.net/lodgetix?retryWrites=true&w=majority&appName=LodgeTix-migration-test-1

━━━ Processing Square ━━━

Fetching ALL historical Square payments (one at a time)...
  Fetched payment 1 (cursor: none)

📝 Processing Square payment: 5WZURjeHRtZKVpza9ECnKKz2R6cZY
  ✅ Importing completed payment - status: COMPLETED
  🔄 Payment has been updated - cleaning up and reprocessing
  🧹 Checking for stale error_payments records for payment: 5WZURjeHRtZKVpza9ECnKKz2R6cZY
  🛒 Fetching order: jInUk4vuEf5EkHjI18nbjnKF54LZY
    ✓ Order fetched
  👤 Fetching customer: QZXPY8QN30GXA89KB6TT9B2J54
    ✓ Customer fetched
  ✓ Imported to import_payments with field transformation
  ✓ Found registration: 232d7ba5-0795-41b8-9532-1747580c5693
  ✓ Updated import_payments with registrationId: 232d7ba5-0795-41b8-9532-1747580c5693
  ✓ Imported FULL registration to import_registrations with field transformation
  ⏸️ Production sync deferred to selective sync phase (eligible for production sync)
  📝 Processing booking contact as customer
    Customer data created: Lesley  Hicks
    ✓ Updated existing customer: Lesley  Hicks
    ✓ Updated registration with customer ObjectId
    Extracting 2 attendees from registration_data
  ✓ Found 2 attendee(s)
    Extracting 4 tickets from registration_data.selectedTickets
    📝 Using event_ticket_id for eventTicketId: d586ecc1-e410-4ef3-a59c-4a53a866bc33
    🔍 Looking up eventTicket: d586ecc1-e410-4ef3-a59c-4a53a866bc33
    ✅ Found eventTicket: Meet & Greet Cocktail Party (price: 70)
    📝 Using event_ticket_id for eventTicketId: bce41292-3662-44a7-85da-eeb1a1e89d8a
    🔍 Looking up eventTicket: bce41292-3662-44a7-85da-eeb1a1e89d8a
    ✅ Found eventTicket: Farewell Cruise Luncheon (price: 75)
    📝 Using event_ticket_id for eventTicketId: d586ecc1-e410-4ef3-a59c-4a53a866bc33
    🔍 Looking up eventTicket: d586ecc1-e410-4ef3-a59c-4a53a866bc33
    ✅ Found eventTicket: Meet & Greet Cocktail Party (price: 70)
    📝 Using event_ticket_id for eventTicketId: bce41292-3662-44a7-85da-eeb1a1e89d8a
    🔍 Looking up eventTicket: bce41292-3662-44a7-85da-eeb1a1e89d8a
    ✅ Found eventTicket: Farewell Cruise Luncheon (price: 75)
    📦 Returning 4 processed tickets from registration_data
  ✓ Found 4 ticket(s) in registration
    💾 Saving ticket to import_tickets: import_232d7ba5-0795-41b8-9532-1747580c5693_ticket_0 (Meet & Greet Cocktail Party, qty: 1)
      🔄 Updated ticket document
    💾 Saving ticket to import_tickets: import_232d7ba5-0795-41b8-9532-1747580c5693_ticket_1 (Farewell Cruise Luncheon, qty: 1)
      🔄 Updated ticket document
    💾 Saving ticket to import_tickets: import_232d7ba5-0795-41b8-9532-1747580c5693_ticket_2 (Meet & Greet Cocktail Party, qty: 1)
      🔄 Updated ticket document
    💾 Saving ticket to import_tickets: import_232d7ba5-0795-41b8-9532-1747580c5693_ticket_3 (Farewell Cruise Luncheon, qty: 1)
      🔄 Updated ticket document
    ✓ Processed contact: Lesley Norman Hicks
    ✓ Processed contact: Narelle Hicks
  ✅ Completed processing Square payment 5WZURjeHRtZKVpza9ECnKKz2R6cZY (production eligible)
Reached limit of 1 for Square

━━━ Processing DA-LODGETIX ━━━

📝 Processing charge: ch_3RYNqYKBASow5NsW17D1d6gl
  ✅ Importing successful charge - status: succeeded
  🔄 Charge has been updated (refund status: false → false) - cleaning up and reprocessing
  🧹 Checking for stale error_payments records for payment: ch_3RYNqYKBASow5NsW17D1d6gl
  ✓ Imported charge to import_payments with field transformation
  ✓ Found registration: 222ddcc8-4f1a-4301-9e44-18a89770e1ed
  ✓ Updated import_payments with registrationId: 222ddcc8-4f1a-4301-9e44-18a89770e1ed
  ✓ Imported FULL registration to import_registrations with field transformation
  ⏸️ Production sync deferred to selective sync phase (eligible for production sync)
  📝 Processing booking contact as customer
    Customer data created: Darren Allatt
    ✓ Updated existing customer: Darren Allatt
    ✓ Updated registration with customer ObjectId
    Extracting 1 attendees from registration_data
  ✓ Found 1 attendee(s)
    Extracting 1 tickets from registration_data.tickets
    🔍 Looking up eventTicket: 7196514b-d4b8-4fe0-93ac-deb4c205dd09
    ✅ Found eventTicket: Grand Proclamation Ceremony (price: 20)
    📦 Returning 1 processed tickets from registration_data
  ✓ Found 1 ticket(s) in registration
    💾 Saving ticket to import_tickets: import_222ddcc8-4f1a-4301-9e44-18a89770e1ed_ticket_0 (Grand Proclamation Ceremony, qty: 1)
      🔄 Updated ticket document
    ✓ Processed contact: Darren Allatt
  ✅ Completed processing charge ch_3RYNqYKBASow5NsW17D1d6gl (production eligible)
Reached limit of 1 for DA-LODGETIX

━━━ Processing WS-LODGETIX ━━━

📝 Processing charge: ch_3RatsQHDfNBUEWUu0i6JkO6W
  ✅ Importing successful charge - status: succeeded
  🔄 Charge has been updated (refund status: false → false) - cleaning up and reprocessing
  🧹 Checking for stale error_payments records for payment: ch_3RatsQHDfNBUEWUu0i6JkO6W
  ✓ Imported charge to import_payments with field transformation
  ✓ Found registration: 8a63ce42-9276-4254-b3cc-406d78cdbb16
  ✓ Updated import_payments with registrationId: 8a63ce42-9276-4254-b3cc-406d78cdbb16
  ✓ Imported FULL registration to import_registrations with field transformation
  ⏸️ Production sync deferred to selective sync phase (eligible for production sync)
  📝 Processing booking contact as customer
    Customer data created: Amitava Sen
    ✓ Updated existing customer: Amitava Sen
    ✓ Updated registration with customer ObjectId
    Extracting 1 attendees from registration_data
  ✓ Found 1 attendee(s)
    Extracting 1 tickets from registration_data.tickets
    🔍 Looking up eventTicket: 7196514b-d4b8-4fe0-93ac-deb4c205dd09
    ✅ Found eventTicket: Grand Proclamation Ceremony (price: 20)
    📦 Returning 1 processed tickets from registration_data
  ✓ Found 1 ticket(s) in registration
    💾 Saving ticket to import_tickets: import_8a63ce42-9276-4254-b3cc-406d78cdbb16_ticket_0 (Grand Proclamation Ceremony, qty: 1)
      🔄 Updated ticket document
    ✓ Processed contact: Amitava Sen
  ✅ Completed processing charge ch_3RatsQHDfNBUEWUu0i6JkO6W (production eligible)
Reached limit of 1 for WS-LODGETIX

━━━ Processing WS-LODGETICKETS ━━━

📝 Processing charge: ch_3RbJfOCari1bgsWq0CxPr7NI
  ✅ Importing successful charge - status: succeeded
  🔄 Charge has been updated (refund status: false → false) - cleaning up and reprocessing
  🧹 Checking for stale error_payments records for payment: ch_3RbJfOCari1bgsWq0CxPr7NI
  ✓ Imported charge to import_payments with field transformation
  ✓ Found registration: 533f4153-ab85-4552-a372-2d71fc42e546
  ✓ Updated import_payments with registrationId: 533f4153-ab85-4552-a372-2d71fc42e546
  ✓ Imported FULL registration to import_registrations with field transformation
  ⏸️ Production sync deferred to selective sync phase (eligible for production sync)
  📝 Processing booking contact as customer
    Customer data created: Marcelo III Caguioa
    ✓ Updated existing customer: Marcelo III Caguioa
    ✓ Updated registration with customer ObjectId
    Extracting 1 attendees from registration_data
  ✓ Found 1 attendee(s)
    Extracting 1 tickets from registration_data.tickets
    🔍 Looking up eventTicket: fd12d7f0-f346-49bf-b1eb-0682ad226216
    ✅ Found eventTicket: Proclamation Banquet - Best Available (price: 115)
    📦 Returning 1 processed tickets from registration_data
  ✓ Found 1 ticket(s) in registration
    💾 Saving ticket to import_tickets: import_533f4153-ab85-4552-a372-2d71fc42e546_ticket_0 (Proclamation Banquet - Best Available, qty: 1)
      🔄 Updated ticket document
    ✓ Processed contact: Marcelo III Caguioa
  ✅ Completed processing charge ch_3RbJfOCari1bgsWq0CxPr7NI (production eligible)
Reached limit of 1 for WS-LODGETICKETS

🔄 Starting selective production sync...

=== STARTING SELECTIVE PRODUCTION SYNC ===

--- Syncing import_payments -> payments ---
Found 339 documents in import_payments
  ⏭️ No changes needed for: 37uzagXg6306GrJSUUf574HvB0CZY
  ⏭️ No changes needed for: jtwvvCSh0dwASWgUW1TAfF2l635YY
  ⏭️ No changes needed for: 7nHbZYYBn7M1thYdSmgNo9n28yKZY
  ⏭️ No changes needed for: p4g7czFGnXbMPrHYOtWSnqCieZLZY
  ⏭️ No changes needed for: JOBqwBmraQ1ECS1fVhtdy55ZrrMZY
  ⏭️ No changes needed for: bHpqGQWwCK6aDNnbhv6ChzltfedZY
  ⏭️ No changes needed for: TFOQEKkW2rQS4WHUBdIjyoSj0EJZY
  ⏭️ No changes needed for: ZGvLjl0ZA3MT9vf33jacwBNG5ycZY
  ⏭️ No changes needed for: h8gN46mZTfnGV8xDOWY7q4nnsVPZY
  ⏭️ No changes needed for: NQtKfWQJ2pMEfWLqgqbhTOSQVgeZY
  ⏭️ No changes needed for: 3l9mbrzU72IPMJ1vscl47aM5EzeZY
  ⏭️ No changes needed for: jfPss6uLfMf6Sy8Z7WtPH9FLERKZY
  ⏭️ No changes needed for: VaU4RCrbBAky4Jpe4pvV1GBwRSJZY
  ⏭️ No changes needed for: T1AjRFv4v2jHjyoHPOvHp3jF2BJZY
  📝 Skipping DLDhRUZVwCaYfLXVguPIa7c2TBTZY - not eligible for production sync
  📝 Skipping jhU6YnfsNom1Wu5UEwTpuTUOfkbZY - not eligible for production sync
  📝 Skipping ByHBzneYeEzSiok0AlGqi7v7N6NZY - not eligible for production sync
  📝 Skipping hmHkLkSEY6gu1Nngf1LYIBaLnPJZY - not eligible for production sync
  ⏭️ No changes needed for: zNueSiS1Y3GP59FJH7A62k4tMrTZY
  ⏭️ No changes needed for: r9ACcx4DHuxDspPsS8xlhWFWKk7YY
  ⏭️ No changes needed for: BYKXKLGaomF5fqksWnC2BDShYz9YY
  ⏭️ No changes needed for: H7MsmC9fLnNjwZCB50pm6oUhDZCZY
  ⏭️ No changes needed for: Xbs2Q3X1vEvZJnSLSnrbaOF4z1EZY
  ⏭️ No changes needed for: 1iYmmAImrRvMZ9FE839tL7f6ZJDZY
  ⏭️ No changes needed for: LHxGj2N2xehd2SVPRgahL09Z4bOZY
  ⏭️ No changes needed for: HnMhwDtTEYP9hcTF0UHH7Y8UTbBZY
  ⏭️ No changes needed for: 3tJyXZgwjgLBCHoyV2uARwGBswdZY
  ⏭️ No changes needed for: vlvOb3ZJBzQJ0XzoCOOCm3lVn2VZY
  ⏭️ No changes needed for: F8t2nIaFgyXCsaClrIb76CGn5fKZY
  ⏭️ No changes needed for: DbJ0DmwrCW68Xy80jcjBhSu1TSTZY
  ⏭️ No changes needed for: 3ZJ3HBSr4UdPafNCaBainy55wc7YY
  ⏭️ No changes needed for: XZvsmRdAo7cOcbytf8tXyQopLI6YY
  ⏭️ No changes needed for: lqOt4jZnIiTTlE97PDYCV3tShsPZY
  ⏭️ No changes needed for: zVoh8VCpVfGVFHDPCb6tQiG9uJ8YY
  ⏭️ No changes needed for: ZggJj2u2p8iwhRWOajCzg0zZ2YEZY
  ⏭️ No changes needed for: jjZo8QIRaYRVHjWEF6kGT2A8SqYZY
  ⏭️ No changes needed for: XbYcqGOlLYy34w8GRh6oDKYqSKKZY
  ⏭️ No changes needed for: xECGubABWxwHhK8cYuzZJdzEfONZY
  ⏭️ No changes needed for: xSlYUjRPlvBqdFASpTgzxyAq1RHZY
  ⏭️ No changes needed for: 7NcA5XmQQnii5C4wyZ49VRv4O6bZY
  ⏭️ No changes needed for: jXbMStnAmtjde3RrcJyeFi1fUuRZY
  ⏭️ No changes needed for: NkToF5EmmRnVVpX6UAqwfq6nBLNZY
  ⏭️ No changes needed for: 3zOzdaBQtF8P6LmaVkIriaGTYKeZY
  ⏭️ No changes needed for: LZkdOfjFmPKMhwgBnK0HTv3arvJZY
  ⏭️ No changes needed for: 9Q1czaAuSZ3MLpRIjWwQ5qK8LlOZY
  ⏭️ No changes needed for: bX925MCTlcedZE16Y5isSOiOY47YY
  ⏭️ No changes needed for: TFQpQg9T6EMRNsVMCRqzqF9mg1WZY
  ⏭️ No changes needed for: ZAMti0WeQC6bzau6xzcwAt5brqKZY
  ⏭️ No changes needed for: NgzFLVSyeKvPqooHJ4eqTIp0k0KZY
  ⏭️ No changes needed for: vH42rszQNFswJ7wiC9myBYYRVSUZY
  ⏭️ No changes needed for: J88iNwjm7wF9AcNLYNHXedPYbo6YY
  ⏭️ No changes needed for: RC5yWMBETbgS58lLWRMWrtwEzD9YY
  ⏭️ No changes needed for: tWs6GU9fkOLQyYgcvz6V9Le0mAdZY
  ⏭️ No changes needed for: FgpZ0BTR7kELg8mqty50XffR9TPZY
  ⏭️ No changes needed for: zrVcZLjCpVPZwvQrkA8GIZTrVS9YY
  ⏭️ No changes needed for: NaIV57IiGy496z8NvR7Z5Mc17SZZY
  ⏭️ No changes needed for: 12Y9un9kSKeqSxMjwcNTefoysTEZY
  ⏭️ No changes needed for: rJSoyuFWlC5k0S5hOxIyksf0pH9YY
  ⏭️ No changes needed for: Rc8t4dVR4bflbR2WdcWFR22XtNSZY
  ⏭️ No changes needed for: jnZ3YaueDdy6TpeRv240eWTnIPZZY
  ⏭️ No changes needed for: ZGblTCt4beBAQimRQuctL5KP3jNZY
  ⏭️ No changes needed for: xWPsMDzpot3yUl3Fmp5QfRZVpoZZY
  ⏭️ No changes needed for: 33u6VwpAUxrUitZKoLmcK4PYFVcZY
  ⏭️ No changes needed for: 7Hbz0OpZ4JX09X4l7SdUxJPnx5cZY
  ⏭️ No changes needed for: heNjYYSFTdby4tmeKEAMnwdbkDRZY
  📝 Skipping P1x35soIc6XBESLOezIkKls90HaZY - not eligible for production sync
  ⏭️ No changes needed for: fRho4gi1mRNNspthVjJ4Q8NZOiAZY
  ⏭️ No changes needed for: PhTXoxEY7t83xZ0W6Gm6HM44KPeZY
  ⏭️ No changes needed for: NS6wzujAidAaj1cx9PKzy5D37BeZY
  ⏭️ No changes needed for: NEBRGj6op7oISf96uhiwqfZQNdFZY
  ⏭️ No changes needed for: zpKzPrFhACfx4abc3krHZTpasNfZY
  ⏭️ No changes needed for: vPOXbkIHyMa1qTHchB83b7PAGiLZY
  ⏭️ No changes needed for: L1c2qMTVFThxDa6g5hHiv71hF75YY
  ⏭️ No changes needed for: lstUUZGLoUiRPOLIFCoKop60WmWZY
  ⏭️ No changes needed for: xwSr2tqK3Ii14EMZuLhNpqgt6VPZY
  ⏭️ No changes needed for: 5UStBUAn3Df0PfNLZgrmROQoHGVZY
  ⏭️ No changes needed for: dgFOK3VFNhwlyf0K1egTNMulrANZY
  ⏭️ No changes needed for: VQd3h8r4ehs0xTXRRCidLDM820CZY
  ⏭️ No changes needed for: RcQdd293kG3tgKPwmzdaMdNo7NNZY
  ⏭️ No changes needed for: FczBZ5YQy1PlX6djXrtgCKrEG1UZY
  ⏭️ No changes needed for: pC7qSVdmwZYAhAN2w3NPs36Nb0SZY
  ⏭️ No changes needed for: RosmA28Xi9BzzQwwES3tsOWRdYeZY
  ⏭️ No changes needed for: 79SL716LQwG0zVJZ1TxpkLK8eqUZY
  ⏭️ No changes needed for: RM6e7VMWyxaNuqqCxR7Opl6d2nBZY
  ⏭️ No changes needed for: laubj2PtWwk8SipniPePQh3JpvZZY
  ⏭️ No changes needed for: bdGFf40iV4f3k5j16iphYsZha3RZY
  ⏭️ No changes needed for: DlOKwvWPkkh5rIdCIPjtkoojsdVZY
  ⏭️ No changes needed for: XfMnfkI85DhpMPXW6Mr6IQpWQCHZY
  📝 Skipping 3dv5BmKw6lKTzfrI15nyA6s8m4FZY - not eligible for production sync
  ⏭️ No changes needed for: 370YBLziz8RRYxmsIfctWM4rF7GZY
  ⏭️ No changes needed for: rdix9OZzwNFDNYRJwoFqsNiULENZY
  ⏭️ No changes needed for: lekxnHOHrHY42pShBuJfpRUr7SNZY
  📝 Skipping 7vZQ8YN7BhOxVpETSzSDjLlSp6QZY - not eligible for production sync
  ⏭️ No changes needed for: LlYkcYQ4b1pgSPzsVqlyAUkweeeZY
  ⏭️ No changes needed for: HHmOYDiPe7nwkO6KYw7r4dpuTkYZY
  ⏭️ No changes needed for: T5AEAkfQFHF9CI1b7v2yv4egtrVZY
  ⏭️ No changes needed for: 7XjLCTxeNAAAykVYTFKCtzZmWS9YY
  ⏭️ No changes needed for: 92sMiqgdiH2P8yAJGwej7bUAUYMZY
  ⏭️ No changes needed for: bnrXSrVTfV1FIzAKkapM6sp4QOTZY
  ⏭️ No changes needed for: dSU7hoIaUNr1x5aJVp7yZ6554D6YY
  📝 Skipping DhAocSNR9PIbB9TgEgcYbmVmfAZZY - not eligible for production sync
  📝 Skipping tCi0nClaAQ4k88wNplm79U9yY46YY - not eligible for production sync
  ⏭️ No changes needed for: RIChyhwANtNCls3rYRvsPQy5iK6YY
  ⏭️ No changes needed for: hqPhgoQhMRkIbSi9O6rCUt4TiCdZY
  ⏭️ No changes needed for: 3v6mbY65IAHlzKbnJifpwhXPwabZY
  ⏭️ No changes needed for: 7bfkwdADLoMVIiomacrQ9v4PXQAZY
  ⏭️ No changes needed for: jbXPLgJtdJsiBTbbN2ZMe3fnKLUZY
  📝 Skipping diGcHS9MJpx0oo0yhHwZONJ25DTZY - not eligible for production sync
  ⏭️ No changes needed for: FiUmy2VIVo8V5JBKrCr4IOyYhiIZY
  ⏭️ No changes needed for: lwdpPfy7H2Rym4gNjaKnktr5ulfZY
  ⏭️ No changes needed for: jvDGAbKHUVx16rkHQInX8NxfPC7YY
  ⏭️ No changes needed for: dIXPV0xclhPC935OvZHOGrmEEJFZY
  📝 Skipping hGrS1MYZ8IB3zyJtoP2s5CwqyWWZY - not eligible for production sync
  ⏭️ No changes needed for: fdRvlYzE8ksWM0nWPz9V1qFuXKQZY
  ⏭️ No changes needed for: Rk2kG9f0vIEQ0DzjFKzQOoTXkZCZY
  ⏭️ No changes needed for: Dt8LAkYSviVyz4T9RAVf7TUQlF8YY
  ⏭️ No changes needed for: J6RVXzl0y62n9MPP8J5v2zuimoFZY
  ⏭️ No changes needed for: t87O3JiKyJimjSzIFwyERDYAhAAZY
  ⏭️ No changes needed for: twzPst7mt2dGlSiQP1D7OeTxTqQZY
  ⏭️ No changes needed for: d6k5rbLWHh719Wj0WjpK679kXsbZY
  ⏭️ No changes needed for: lC0aSGOPd2OAgoSYKx2rytcLJDaZY
  ⏭️ No changes needed for: JUs4z0q20OlbqcoYrkdgmvPlVAZZY
  ⏭️ No changes needed for: tYrJ8JutaWSGf0bp5TuzPnbyyeQZY
  ⏭️ No changes needed for: tQVOLnfLzfOG2fdRhTM5WbyqZTcZY
  ⏭️ No changes needed for: Vsti8dagE7RHDMmaizRSX8bOSvDZY
  ⏭️ No changes needed for: HzKTdCiaksx4DtgfzPeSaIVQ25eZY
  ⏭️ No changes needed for: VecpaxQQFLKQoGeefKXVdCHw8hWZY
  ⏭️ No changes needed for: h6jhTHa5I2QAFFtjEYzXw7IA32KZY
  ⏭️ No changes needed for: hCJ6FAPKNoexfPhQKzOLdo1kS26YY
  ⏭️ No changes needed for: 5Q6K9GxGHuOUUUKSQGIULT6ih4JZY
  📝 Skipping 1qijtxakY30s5nfoItkOSWiog3TZY - not eligible for production sync
  ⏭️ No changes needed for: vPsIuRUuf3BEcnnzeY87AlIqRfOZY
  ⏭️ No changes needed for: ztAVDx4zEqBkMr6gXCRmO0lcRePZY
  ⏭️ No changes needed for: PfsCd4YgbnAqx8x01wdxepBkjYQZY
  ⏭️ No changes needed for: BQexzQYYXhec7TrhiHKFxye9bHQZY
  ⏭️ No changes needed for: Lpq2h2VnS8AuHtNNYn4lTnJYqxHZY
  ⏭️ No changes needed for: 7V0SJd4PbDhVxuf1bjRaxgtfnIUZY
  ⏭️ No changes needed for: paDW1RqVIFg3kJUVej7eEO4oz19YY
  ⏭️ No changes needed for: JG1cNGMfoc3r49NM5GheuzvTqeAZY
  ⏭️ No changes needed for: 7BUB84OG9Tz1JogJtn4VOzZJ7wUZY
  ⏭️ No changes needed for: brLW4ocXdk6KNsLOqab2yB5i55bZY
  ⏭️ No changes needed for: nXI99IflJUTZJ8S52HQMCMedqHIZY
  ⏭️ No changes needed for: FSESS8kJ2bThjXIMhwL42TsJXoMZY
  ⏭️ No changes needed for: vnESK2IO2niiM8hdfyqnV6SicTEZY
  ⏭️ No changes needed for: 3t50u6EkI02I8LJERt7eGpiX8BQZY
  ⏭️ No changes needed for: b1ylXOxVR4tZigrl68CAucCrQCaZY
  ⏭️ No changes needed for: Pdbu7w9Ia2VEdeu2lhuZEBVvhzfZY
  ⏭️ No changes needed for: DjHXcnzNvuuZVVGxdUe9PXWraYJZY
  ⏭️ No changes needed for: bbt1J0xMeBdB1GXNakdpciUyx6FZY
  ⏭️ No changes needed for: NgpcNLkiQncLFbeYGjPcIoHmYCKZY
  ⏭️ No changes needed for: F8fhweZDYprBtufFvjT4OHwzGVQZY
  ⏭️ No changes needed for: d2kKxi7eaAaWfRmM5rItziib3uXZY
  ⏭️ No changes needed for: xQyzitlwWDvc94uddMstbJq5tFaZY
  ⏭️ No changes needed for: v7Ed2GTMCcDPwgH2IUcrBGE3ObJZY
  ⏭️ No changes needed for: HXi6TI41gIR5NbndF5uOQotM2b6YY
  ⏭️ No changes needed for: V2WEIhJincVIOjoFUZ4o4EWeZdIZY
  ⏭️ No changes needed for: BMwf5spa7BBlGwDhKCDthTOytrNZY
  ⏭️ No changes needed for: DTRYoN84BeabyDsvp5bMIpyrFfNZY
  ⏭️ No changes needed for: luETY8JcSgCAhzw27WP84BO6pyHZY
  ⏭️ No changes needed for: nfAJMT9smkvHFImp7lShnhiNmycZY
  ⏭️ No changes needed for: nVNemNbGg3V5dGg2EOXOnLa58AeZY
  ⏭️ No changes needed for: BkojsiXbMAD3Z2jCOGa7cLkbnLBZY
  ⏭️ No changes needed for: p6dHRqRBwz0bw7yklyetsLreAE9YY
  ⏭️ No changes needed for: bVMqBByDJp9yIcOVJRAogmJZ7EUZY
  ⏭️ No changes needed for: xinnBBHRFYuy3JR4wlbRUZ2CY0YZY
  ⏭️ No changes needed for: zXZThpYVO8KyM4uwOQf5ad0MuyYZY
  ⏭️ No changes needed for: X59ZvqxyZvkaawUof4SvjLY5Fs5YY
  ⏭️ No changes needed for: t2UCQaP0X3SDYxmOwmX5RZdP9QCZY
  ⏭️ No changes needed for: 9Wc4yR97x4K7CwfmpDm2AElfJ65YY
  ⏭️ No changes needed for: dcdFhu2M7kMHzVRf7EE1vlLjoyIZY
  ⏭️ No changes needed for: RMaIE53O5PWQYBETawn8c7m7Lk9YY
  ⏭️ No changes needed for: 7HHtumLtnn9TQEpHztSFQ1HmWyTZY
  ⏭️ No changes needed for: LzJB0GgC4UKPSMEUo384kAu4fiOZY
  ⏭️ No changes needed for: 58Y6v0luMXMOqE9wsrOKhIW46ZAZY
  ⏭️ No changes needed for: jDTnfjE3tFnURQOy863LR0YKX8IZY
  ⏭️ No changes needed for: t6moB5sDCcSL8pHTwy98X83vN4BZY
  ⏭️ No changes needed for: X78G8L8jnaVA2qIKzSwglpM8rOKZY
  ⏭️ No changes needed for: xkYdGENRUz2s3iBqkbML9OylpvEZY
  ⏭️ No changes needed for: hMErsORG9vqZd49YefTlTEn53w6YY
  ⏭️ No changes needed for: NaSwSkpSHMesYM7lx2HvncIxsJHZY
  ⏭️ No changes needed for: vDKKIIvsCi63tR6q5thdlKzNTuSZY
  ⏭️ No changes needed for: RCnHtK6KKo5G4czuHmfXayEpDvcZY
  ⏭️ No changes needed for: tIjJoPaVZsrjIiZlyKRXgIuFZyRZY
  ⏭️ No changes needed for: BYmThRPlQLyqt5SLRbhA6tuMPPAZY
  ⏭️ No changes needed for: HR9djbytZaLwFzE5RwpC2DTBg7ZZY
  ⏭️ No changes needed for: PbKYW5dTefMFveaPc7t8lCa8LnYZY
  ⏭️ No changes needed for: xqRab8co4ELMetWbwcfLCt7Lrn5YY
  ⏭️ No changes needed for: tyQp6jmUXiLTt00hQG760tyfmvUZY
  ⏭️ No changes needed for: 7pyuYSdeLSaxqHTANH0bpWhMxAfZY
  ⏭️ No changes needed for: xUWuHnQBFql1I3HRxZchQZLQB28YY
  ⏭️ No changes needed for: FMTz2ezwGBUwucHFU1xiq6q4CR8YY
  ⏭️ No changes needed for: vJBWFiJ8DfI6MSq2MB50eKJDibMZY
  ⏭️ No changes needed for: Bcqu6v3fkpayVua3B7EFQVQTVsUZY
  ⏭️ No changes needed for: lAzEFFmobfu1Bsi4GBgUhoHnogDZY
  ⏭️ No changes needed for: liKnNdyy58sl1oAfIfGdBfR7Ge7YY
  ⏭️ No changes needed for: tqKw6hCOQCQiHCz2pOyT7ZA46s7YY
  ⏭️ No changes needed for: ZOLZmSQAJe7G4cyoYeCnLc3upsMZY
  ⏭️ No changes needed for: NaQ5P09PK2O5BO4oHBhHkjzBa89YY
  ⏭️ No changes needed for: jN0TCt0cQdbeXYZq3KmL2pAV7BCZY
  ⏭️ No changes needed for: tqwHaIAVYtXbZaTNNE5ddSssGyMZY
  ⏭️ No changes needed for: Zyn0H9aRzdlpr7sTuo4M1O97elTZY
  ⏭️ No changes needed for: NK6UGlOaLd9NNb5LMJxstb53UYeZY
  ⏭️ No changes needed for: RWXQaxVs7gkStkbz50DYJgijUOcZY
  ⏭️ No changes needed for: 1IzG6pTueipzWdO21a2rKZsJHWVZY
  ⏭️ No changes needed for: J4Q9jrZqXkDFf6HQFEuZr4f0uv7YY
  ⏭️ No changes needed for: 71UGzZLU4WhNOq4NtU3dEay7RcYZY
  📝 Skipping bTp1t6NLdAcZLC4aAy1b7uM0KP8YY - not eligible for production sync
  📝 Skipping bD5NnYXdmohsMmTpxZm4LyWgmaDZY - not eligible for production sync
  📝 Skipping B8ola9eL7qdDsS429Y0aVe2RdFEZY - not eligible for production sync
  ⏭️ No changes needed for: 1amt9KhphHWoVBXhbnF9gnWDlLPZY
  ⏭️ No changes needed for: pCNpJb7Bp93yAKZV3a34B2Vib25YY
  ⏭️ No changes needed for: d4jRjdLCW6thKMMuZi0X5ymbDPcZY
  ⏭️ No changes needed for: 1S6rua5ucroHqCBIVMdV1n2cBKNZY
  ⏭️ No changes needed for: nNV6XALOC9WNOQplK9u5up0cK6ZZY
  ⏭️ No changes needed for: Pf2V8smZi99kptZZOs1IxbqbyXOZY
  ⏭️ No changes needed for: NgNWDUI2b0VzwFZjgjo7Yh5dxtPZY
  ⏭️ No changes needed for: HrQuWdAMVeadtZVbhiwCcsuKklQZY
  ⏭️ No changes needed for: Dtw1wW3iAbqZvZ3KPbqlgc0Tn2DZY
  ⏭️ No changes needed for: TTZqeHFGe9UeduE9UPiYtVsVdscZY
  ⏭️ No changes needed for: hoKDYNvhSl2g1im9ZebEfh3nocIZY
  ⏭️ No changes needed for: BA2vySToq7pA3Gv6e99AEwGtkSEZY
  📝 Skipping ZGl4I1DWP3Szndxp5dqn8p4ryCTZY - not eligible for production sync
  📝 Skipping 3XGeLFuHz8QmRUIhslQ1RoVdNPLZY - not eligible for production sync
  ⏭️ No changes needed for: 7PRUEiqETLsQ2bnhNVAyl5fv4aYZY
  ⏭️ No changes needed for: 7fTbxcH1GzdONh6fZjVckE4KoPfZY
  ⏭️ No changes needed for: nDAOlY1ey3RSx6WVYo9WnCdvp9aZY
  ⏭️ No changes needed for: jJMU4B1lI87JOCclMGdKxwisHrcZY
  ⏭️ No changes needed for: VaqvtDCVDAyz6EO20feKGblOc3EZY
  ⏭️ No changes needed for: ZsEMTNqhmD0zwVETdn8eYPCmrrcZY
  ⏭️ No changes needed for: rFAMGl5AZuysQmzGsZKQkfOTygPZY
  ⏭️ No changes needed for: DrnJc2FI9QPE3KEktWcZewKKzzJZY
  ⏭️ No changes needed for: R40EXOAyB9pW9wgL982AtQwCRo9YY
  ⏭️ No changes needed for: F0fRHM6SV5iy9ac26eznQ1nkDBgZY
  ⏭️ No changes needed for: VUxK8Va0aTYUl4JZLTSCh0gTZMTZY
  ⏭️ No changes needed for: Xvuk93AinYSUM5dx0dQgIf2TksFZY
  ⏭️ No changes needed for: br55qEb1O6PBBQXnOT5vMolYIgBZY
  ⏭️ No changes needed for: zHddlOinPKTa2W6GFMNjqIkjW3EZY
  ⏭️ No changes needed for: 9IP5AbLYi5zKoCwudiD1Mv2BP2bZY
  ⏭️ No changes needed for: BCRIyZsd2LsulOVdEOSxg3HJzkcZY
  ⏭️ No changes needed for: PJzbTjA6IIdvZqe5EsCoXTlreVcZY
  ⏭️ No changes needed for: XLapOQzTXiuHbR7qaADogWelOxKZY
  ⏭️ No changes needed for: DDrpyeQ5JMSSZDjvfBmm6lHMVXPZY
  ⏭️ No changes needed for: d0lr3r8yuzKHtg5DvX0tnhdD1tcZY
  📝 Skipping TF0Fz77XqhMipWYhqJY4UcS1ncVZY - not eligible for production sync
  ⏭️ No changes needed for: jZ4SYUIHgvDl3dWNyolvW4PkMcYZY
  ⏭️ No changes needed for: xqHlfcvdVtsHjLqkItgXCvN2sgHZY
  ⏭️ No changes needed for: LHxgeL0CTWu0cwrU0T4zWBCDK8JZY
  ⏭️ No changes needed for: BKlajvQfYYkg9sfxKalZIsSMxnYZY
  ⏭️ No changes needed for: 7zzq3CXMAvrkYcroTq5jpGxi56eZY
  ⏭️ No changes needed for: pUok4kGgHixHGm3yz6OdU3VenjKZY
  ⏭️ No changes needed for: VgLm5JFhV9m5byeO8N9DXFdZKrRZY
  ⏭️ No changes needed for: BAml3jkVuo8Ar1TyAqYXOfa9wAQZY
  ⏭️ No changes needed for: 50ixdPR4FxnI6OW90XTHDZVV2YKZY
  ⏭️ No changes needed for: By5yhIED9XaQsUqOZeTYPENMVjRZY
  ⏭️ No changes needed for: lwB7XvUF0aLc2thAcupnDtqC4hTZY
  ⏭️ No changes needed for: 94ladxboxbR1vQc1hGC7CIfcftMZY
  ⏭️ No changes needed for: BIallQY9QbaCqIMysHfIkbgcy3cZY
  📝 Skipping v9dZC6uSezIMwsrldensrqNh5FYZY - not eligible for production sync
  ✅ Created new payments document: ch_3RYNqYKBASow5NsW17D1d6gl
  📝 Skipping ch_3RYNH3KBASow5NsW0hd6SVQA - not eligible for production sync
  📝 Skipping ch_3RYMRnKBASow5NsW1rQGpHtU - not eligible for production sync
  📝 Skipping ch_3RYLpiKBASow5NsW1j6bahnX - not eligible for production sync
  📝 Skipping ch_3RYJM8KBASow5NsW0B6fbNrc - not eligible for production sync
  📝 Skipping ch_3RYJLjKBASow5NsW01xLNSEe - not eligible for production sync
  📝 Skipping ch_3RYJJWKBASow5NsW123lPSBC - not eligible for production sync
  📝 Skipping ch_3RYJIiKBASow5NsW0NnAlu3N - not eligible for production sync
  📝 Skipping ch_3RYJHDKBASow5NsW07wIbgeM - not eligible for production sync
  📝 Skipping ch_3RYJGnKBASow5NsW1X7K1Fxz - not eligible for production sync
  ⏭️ No changes needed for: ch_3RYJFqKBASow5NsW1nT0t2Y7
  📝 Skipping ch_3RYHBgKBASow5NsW1kqeIytL - not eligible for production sync
  📝 Skipping ch_3RYHAkKBASow5NsW18ukuAQm - not eligible for production sync
  📝 Skipping ch_3RYH94KBASow5NsW1qKF9xQa - not eligible for production sync
  📝 Skipping ch_3RYGmnKBASow5NsW0B0Kv5xO - not eligible for production sync
  📝 Skipping ch_3RYGmGKBASow5NsW18L0QuAp - not eligible for production sync
  📝 Skipping ch_3RYGk6KBASow5NsW1IBsUZcE - not eligible for production sync
  ⏭️ No changes needed for: ch_3RYGYdKBASow5NsW1jB3SZpt
  ⏭️ No changes needed for: ch_3RY4SMKBASow5NsW1hOknD3b
  ⏭️ No changes needed for: ch_3RY1ReKBASow5NsW0Yru5Bab
  ⏭️ No changes needed for: ch_3RY0TPKBASow5NsW1HpVl9oK
  ⏭️ No changes needed for: ch_3RY0LLKBASow5NsW0Ir58poX
  ⏭️ No changes needed for: ch_3RXwDkKBASow5NsW15RQTqPG
  ⏭️ No changes needed for: ch_3RXtI3KBASow5NsW1UCc4ejd
  ⏭️ No changes needed for: ch_3RXp4KKBASow5NsW0yPmqVZA
  ⏭️ No changes needed for: ch_3RXnXlKBASow5NsW1j8bSV0s
  ⏭️ No changes needed for: ch_3RXekrKBASow5NsW1ee0Nx48
  ⏭️ No changes needed for: ch_3RXVLGKBASow5NsW1SGGfjXc
  ⏭️ No changes needed for: ch_3RXOkGKBASow5NsW1nwpJXXv
  ⏭️ No changes needed for: ch_3RXOZuKBASow5NsW1GVWK7N5
  ⏭️ No changes needed for: ch_3RXN7OKBASow5NsW09qHmGCg
  ✅ Created new payments document: ch_3RatsQHDfNBUEWUu0i6JkO6W
  ⏭️ No changes needed for: ch_3RatmpHDfNBUEWUu0aKhh2Yq
  ⏭️ No changes needed for: ch_3RatcXHDfNBUEWUu18ZKzlo9
  ⏭️ No changes needed for: ch_3RatabHDfNBUEWUu0Iycwsai
  ⏭️ No changes needed for: ch_3RatXHHDfNBUEWUu1PqYeK60
  ⏭️ No changes needed for: ch_3RatCJHDfNBUEWUu1SfWaQhg
  ⏭️ No changes needed for: ch_3Rat9jHDfNBUEWUu0jImCggO
  ⏭️ No changes needed for: ch_3Rat5dHDfNBUEWUu1Kpmcccj
  ⏭️ No changes needed for: ch_3RaskQHDfNBUEWUu0zx6tAst
  ⏭️ No changes needed for: ch_3Rask1HDfNBUEWUu06Vaa0bD
  ⏭️ No changes needed for: ch_3Rasg7HDfNBUEWUu0UZU3VhP
  ⏭️ No changes needed for: ch_3RarntHDfNBUEWUu1aewrvzS
  ⏭️ No changes needed for: ch_3Rarl1HDfNBUEWUu0k252k5d
  ⏭️ No changes needed for: ch_3RargqHDfNBUEWUu1skXzKZA
  ⏭️ No changes needed for: ch_3RarW6HDfNBUEWUu05JVuU0i
  ⏭️ No changes needed for: ch_3RarPRHDfNBUEWUu0HiCnldl
  ⏭️ No changes needed for: ch_3RapyOHDfNBUEWUu1NrvNmbM
  📝 Skipping ch_3RalDNHDfNBUEWUu1rujgmHH - not eligible for production sync
  ⏭️ No changes needed for: ch_3Ra8GvHDfNBUEWUu0zGhuTfx
  ⏭️ No changes needed for: ch_3RZl27HDfNBUEWUu0ET1ix3T
  ⏭️ No changes needed for: ch_3RZiODHDfNBUEWUu1HV16bq9
  ⏭️ No changes needed for: ch_3RZMrPHDfNBUEWUu1h5zI3eA
  ⏭️ No changes needed for: ch_3RZInfHDfNBUEWUu08WSM1W1
  📝 Skipping ch_3RZ20iHDfNBUEWUu0ehUEscL - not eligible for production sync
  📝 Skipping ch_3RYwvYHDfNBUEWUu0BsYIyOi - not eligible for production sync
  📝 Skipping ch_3RYwpEHDfNBUEWUu0KVtnoM4 - not eligible for production sync
  ✅ Created new payments document: ch_3RbJfOCari1bgsWq0CxPr7NI
  ⏭️ No changes needed for: ch_3RbGXFCari1bgsWq1HXOJzrX
  ⏭️ No changes needed for: ch_3RbGAlCari1bgsWq08w1BHrF
  ⏭️ No changes needed for: ch_3RbFmZCari1bgsWq04o5RQDm
  ⏭️ No changes needed for: ch_3RbFhVCari1bgsWq0w0oJdBr
  ⏭️ No changes needed for: ch_3RbDvnCari1bgsWq0fDNrT2I
  📝 Skipping ch_3RbDugCari1bgsWq1VxNgsGg - not eligible for production sync
  ⏭️ No changes needed for: ch_3RbCCyCari1bgsWq12mm8rMN
  ⏭️ No changes needed for: ch_3RbBkCCari1bgsWq1dAjZkAk
  ⏭️ No changes needed for: ch_3RbBevCari1bgsWq13khusPm
  ⏭️ No changes needed for: ch_3RbBaNCari1bgsWq1BtArAe8
  ⏭️ No changes needed for: ch_3RbBMcCari1bgsWq0eWHfX64
  ⏭️ No changes needed for: ch_3RbB7KCari1bgsWq1kt4Aiga
  ⏭️ No changes needed for: ch_3RbB3uCari1bgsWq093773W4
  ⏭️ No changes needed for: ch_3Rb9qaCari1bgsWq0ohF7tDM
  ⏭️ No changes needed for: ch_3Rb9faCari1bgsWq1dCo0exB
  ⏭️ No changes needed for: ch_3Rb9IuCari1bgsWq1Hmk8uU9
  ⏭️ No changes needed for: ch_3Rb9FLCari1bgsWq0mYFU5Jb
  ⏭️ No changes needed for: ch_3Rb9AyCari1bgsWq0CqYXLhO
  ⏭️ No changes needed for: ch_3Rb9AMCari1bgsWq0s26XqdI
  ⏭️ No changes needed for: ch_3Rb8CsCari1bgsWq13cOcShV
  ⏭️ No changes needed for: ch_3Rb85ECari1bgsWq14btSpB0
  ✅ Created new payments document: 5WZURjeHRtZKVpza9ECnKKz2R6cZY
  ⏭️ No changes needed for: 5GXVymBC3x18occbL5IXfi34knaZY
✅ import_payments sync complete: 300 processed, 4 created, 0 updated, 39 skipped (not production eligible)

--- Syncing import_registrations -> registrations ---
Found 291 documents in import_registrations
  ⏭️ No changes needed for: dcb47cfb-fe4c-4fc4-a373-2805500e797f
  ⏭️ No changes needed for: 1dfc42bb-7fae-4cff-a763-f57934a880e0
  ⏭️ No changes needed for: e976c5a7-e506-4acf-a718-d893ded67f10
  ⏭️ No changes needed for: 385f58c7-9a3b-4b45-9e3c-d461fdc6b19d
  ⏭️ No changes needed for: cdc7fc39-8828-4f75-9314-66e54534da7a
  ⏭️ No changes needed for: ad076c4f-95a4-4fb0-9e50-521916386d64
  ⏭️ No changes needed for: a27ae77c-5e64-463f-a20e-c39febc3b537
  ⏭️ No changes needed for: 796c4447-b3f8-404b-8610-322b61f92985
  ⏭️ No changes needed for: fa2a849a-1276-444e-bd93-a2303871e5f5
  ⏭️ No changes needed for: f6d6bc9a-465a-4ed3-85ef-4e9b312fea2b
  ⏭️ No changes needed for: d2cfbf4d-1c03-4aa7-84cc-37f7b0ad87d3
  ⏭️ No changes needed for: 19cea4d0-6f5a-489a-abc8-56c4980b37d0
  ⏭️ No changes needed for: aaef562e-92c4-4f6e-860c-e9874dec341e
  ⏭️ No changes needed for: d9bc7cb7-31c1-4a13-8a92-c293f3d1cf63
  ⏭️ No changes needed for: 2d56701e-263f-4d25-b037-6a77e4e56b7b
  ⏭️ No changes needed for: fc71d5ec-a70d-4874-86d1-ef1e2c05d162
  ⏭️ No changes needed for: 4637d778-f452-4f79-b7a8-0391b1845a90
  ⏭️ No changes needed for: 58603dca-656b-406a-afa4-3f4770fb13f0
  ⏭️ No changes needed for: ac888821-9ecb-4783-ad3f-08a035cfef88
  ⏭️ No changes needed for: 41139e7f-dc81-4b0e-a937-04be23115719
  ⏭️ No changes needed for: 6b9d5cfe-7d0e-4524-b3b0-998d4b1d4307
  ⏭️ No changes needed for: 4cbfbf96-09a7-48b7-9f5d-defc560f4437
  ⏭️ No changes needed for: 7c2c244d-e49d-42f8-91e9-b17eaf4c524e
  ⏭️ No changes needed for: 0ffcc96c-c707-4734-b9ee-01e88f7f6287
  ⏭️ No changes needed for: 4a7a7ca5-ed7d-4251-b04a-b9169fde77a8
  ⏭️ No changes needed for: b95234d7-8980-4d48-8854-af9d1fc06b49
  ⏭️ No changes needed for: de41c05d-883d-4d81-8076-61ec5d4118f7
  ⏭️ No changes needed for: 81a0efea-6c33-44e5-a774-15f7503103ef
  ⏭️ No changes needed for: 87f05b8d-b855-4257-8ff6-4e1e3054f284
  ⏭️ No changes needed for: c78c299a-6d27-466d-83e0-52bbdea0ce6d
  ⏭️ No changes needed for: 5f5e6262-ee70-442b-b60d-13a1e9d05b59
  ⏭️ No changes needed for: 7cd73df6-1f8f-4ef9-ac58-4add682a22fb
  ⏭️ No changes needed for: 7e45338c-6b8f-402b-bc64-c6060b1dbf3a
  ⏭️ No changes needed for: 5e960fef-18b2-4cb9-879b-3b6d421094f3
  ⏭️ No changes needed for: aaefe8b5-8fe0-4d42-ab55-d6041b5f368b
  ⏭️ No changes needed for: 32d21494-e4f5-4b47-bde3-a0b2ee3e5168
  ⏭️ No changes needed for: 280d8507-8f26-4dff-929f-bee4fb08df3c
  ⏭️ No changes needed for: a628400f-70d0-4dd4-a911-085d832f7ef0
  ⏭️ No changes needed for: 7eeaa0c0-940e-419e-acfb-74cc749ae9f7
  ⏭️ No changes needed for: b5319e51-5e80-4d52-92ec-ea04d04d4b17
  ⏭️ No changes needed for: dceb2353-edbb-40b5-8e0b-3397b52f5251
  ⏭️ No changes needed for: 7e849067-7a9f-47e9-a7ef-afbf41287526
  ⏭️ No changes needed for: e59a4310-1b71-4d40-b54f-9b257119ce0c
  ⏭️ No changes needed for: ba6e1cd9-e6dc-44f3-bd6e-147e97757322
  ⏭️ No changes needed for: ae264762-37a8-4855-96f1-731de78101c3
  ⏭️ No changes needed for: c07e9082-74d6-40c5-9706-4a182bbae469
  ⏭️ No changes needed for: 6de84192-3fc4-483c-8f88-cfd041da7d4d
  ⏭️ No changes needed for: b6323eba-bc87-4af2-b1e7-ef2596a309a3
  ⏭️ No changes needed for: 06af9237-4b36-4b3a-a0be-f2b6621163e2
  ⏭️ No changes needed for: fb64e002-786a-477a-bf28-a1d70b8956d5
  ⏭️ No changes needed for: 4ec8df77-0ff2-4ba0-9dda-8ce7ef6897c0
  ⏭️ No changes needed for: f8ef3cf1-c1f2-4436-955b-ba03783db8c4
  ⏭️ No changes needed for: 1bb667a3-772c-4128-ad01-195f1a390b26
  ⏭️ No changes needed for: 8822a242-33f0-465f-a36f-e9fe3e0bfa42
  ⏭️ No changes needed for: 76dfe363-bd34-4cf7-aea3-e9aa8aba6a92
  ⏭️ No changes needed for: bebf3902-d258-4f59-b196-b325a0a13067
  ⏭️ No changes needed for: 9824649f-23fd-4b35-8c98-6689d165e0e5
  ⏭️ No changes needed for: d86cacab-f4a3-42b8-b036-c9d87879362a
  ⏭️ No changes needed for: 05b60b38-d9a4-441c-8719-e159dca33801
  ⏭️ No changes needed for: 5f8c5038-506d-4415-8e99-b31d9aafd97c
  ⏭️ No changes needed for: a6c1b7d4-2652-48af-b463-dcc1c0672e1c
  ⏭️ No changes needed for: 55f5efa0-7fa6-49b0-8af5-e8d99b8e63c7
  ⏭️ No changes needed for: 5ae82936-f475-4bed-8949-909240cca6b0
  ⏭️ No changes needed for: 5a6c07f5-a7c6-428a-b644-1b483b123cd1
  ⏭️ No changes needed for: b099cb88-4b59-4bfa-8614-00168efe4506
  ⏭️ No changes needed for: dc7124e2-ac91-4db6-ab78-e234c01e2b6f
  ⏭️ No changes needed for: 00b28deb-15cb-4574-aebf-62b283014e5f
  ⏭️ No changes needed for: a5ed4449-72fa-4a36-a8cd-fa3ad7f39216
  ⏭️ No changes needed for: 09eedf17-8027-486a-ac39-8f12ce11d946
  ⏭️ No changes needed for: 83a0301d-1cf4-4619-b60f-f31db417543f
  ⏭️ No changes needed for: d0cd255d-8df7-4c51-a059-77b09d3fb77b
  ⏭️ No changes needed for: 51bb86f4-9377-47c6-ace8-437f2adf9152
  ⏭️ No changes needed for: 39909307-3d17-4c5b-8079-0a1af43bb9cb
  ⏭️ No changes needed for: 9e54b96f-1d01-4405-b64a-4cabf53195d9
  ⏭️ No changes needed for: aaf37b5b-9dbd-4013-b554-32617bf87d51
  ⏭️ No changes needed for: eaf0a53d-323f-4414-88af-2f99e7d811c2
  ⏭️ No changes needed for: 51e2ba36-4e5e-4ad9-899f-6d96aecc570e
  ⏭️ No changes needed for: 6c513d98-b99d-44c9-8866-fb52a8b4e73a
  ⏭️ No changes needed for: 368f6bf4-7548-4e40-acdb-b3e18960dcba
  ⏭️ No changes needed for: 309dbd62-cd14-4508-ae5d-0fec9460480c
  ⏭️ No changes needed for: f9455f8b-f5cf-473c-a4af-eda75d079b4c
  ⏭️ No changes needed for: 739b318b-e420-4f3f-84bd-85363b7dc646
  ⏭️ No changes needed for: 588503a7-9ddc-4194-9ebe-2f0cee5d333c
  ⏭️ No changes needed for: 0e3cf4ae-30db-4b57-93d5-e921ffbb3b68
  ⏭️ No changes needed for: 219863ff-00b5-484a-b4ac-c5044dc9da56
  ⏭️ No changes needed for: 31c69b73-c29a-49c2-875f-0edc956887f6
  ⏭️ No changes needed for: 795ee269-5557-40eb-a630-a632d1b8b12c
  ⏭️ No changes needed for: 515643e7-96c9-4992-a06c-b6921333884f
  ⏭️ No changes needed for: d887bfbc-9cb2-436e-a88b-9b09f0036e3d
  ⏭️ No changes needed for: 8edbb829-03bd-43f1-942f-6b794ae016fb
  ⏭️ No changes needed for: c895052b-b2b8-4425-a7dd-14af04b7b305
  ⏭️ No changes needed for: e7178d67-e8f8-4779-8ffe-a385fa2a4c8f
  ⏭️ No changes needed for: d5ba2d93-37b0-4345-bde5-d8452d00d2a1
  ⏭️ No changes needed for: 5c090c4f-1200-44c6-a1b8-5ae407d80773
  ⏭️ No changes needed for: 4d7cd41b-a927-4e54-9507-6918345dc77a
  ⏭️ No changes needed for: dd28f520-702c-4b4c-8221-1e9b82cdbd13
  ⏭️ No changes needed for: 7e7be040-bea3-4dad-a315-f5801d481c9b
  ⏭️ No changes needed for: 7dcedd29-aa28-4311-9189-72c2dd0df3c6
  ⏭️ No changes needed for: 139812d3-07bb-469e-ac68-d5bac4f4ff7f
  ⏭️ No changes needed for: e1e42741-88e3-448d-9e00-ac51d1241561
  ⏭️ No changes needed for: 8cdc833c-dccc-443c-b94a-7acede322b12
  ⏭️ No changes needed for: 49c7d9b4-a320-4a4e-9527-899bf9ac2926
  ⏭️ No changes needed for: cce7636f-91e4-4d62-8b09-732a2fdc08a3
  ⏭️ No changes needed for: 9e876811-1f10-43f9-be9d-232678703c25
  ⏭️ No changes needed for: 21533af7-519e-4240-9bbe-f5bc093c55ea
  ⏭️ No changes needed for: 79f02689-658e-46f3-b710-b9abfb594a2f
  📝 Skipping 0423c488-3733-491a-8f47-e8e8b207f292 - not eligible for production sync
  ⏭️ No changes needed for: cb808fcc-9dbc-4dae-9bf4-59621c2ad197
  ⏭️ No changes needed for: d77540b8-e45c-4e4b-bd86-560599a4c7a5
  ⏭️ No changes needed for: 9e5261c3-f48b-4ef3-a50f-4ef4b310308b
  ⏭️ No changes needed for: 44ea15b1-3249-4a62-9073-d58d42a0de2f
  ⏭️ No changes needed for: 68c9c37f-d92c-468d-8b9c-f80f8cf12df8
  ⏭️ No changes needed for: 2f1d05ab-f7aa-4d83-8bc0-8ec705e1b34e
  ⏭️ No changes needed for: 85fe486f-8fde-40a4-8462-0b5249c462df
  ⏭️ No changes needed for: f6e6b6f2-3857-4041-8d58-6a31476fcfd5
  ⏭️ No changes needed for: 75da2228-08db-4570-8208-3ee9972cf36c
  ⏭️ No changes needed for: 2d950769-dd26-462f-a79b-99e4d776cd2f
  ⏭️ No changes needed for: 9b78d16f-5de8-4a8c-aed4-d26ddf1868d0
  ⏭️ No changes needed for: 2e8f9f51-ec8d-48fc-bc6c-a9ad6bb3a0d5
  ⏭️ No changes needed for: 450615ce-0686-45e9-951e-a45e2b131b77
  ⏭️ No changes needed for: dec89eb5-8a11-4f8b-b0ab-f814ee6958f8
  ⏭️ No changes needed for: 70128447-9794-4d90-a0f8-07db6714923b
  ⏭️ No changes needed for: 409c2fb7-3879-4268-9e76-6b1ae35e261c
  ⏭️ No changes needed for: 6cedcf70-4b1b-4986-9853-a1b4a82e1932
  ⏭️ No changes needed for: 75005e54-cb64-40da-9ab0-d6e689cea9db
  ⏭️ No changes needed for: 375ee76c-95ed-4508-87ad-da2cedc2dde2
  ⏭️ No changes needed for: 97614ee1-ccbe-4f7e-b3dc-4d52869eb7e3
  ⏭️ No changes needed for: fe60b238-b863-476c-8009-44c8a5ba8a36
  ⏭️ No changes needed for: f52478d1-10da-4de7-9aa9-a297ae136f6c
  ⏭️ No changes needed for: 6f6d034e-b826-4bfd-8f4d-0bdfa6b5762f
  ⏭️ No changes needed for: 647b4256-1b94-4398-8826-8fe6c252db7d
  ⏭️ No changes needed for: b468b78e-4f44-41c4-9eae-f642fe941206
  ⏭️ No changes needed for: 039c8b9c-c654-4119-9f5c-29f03c4e6b95
  ⏭️ No changes needed for: 0b3fcddb-d431-4691-97e9-64d33e8b3c8c
  ⏭️ No changes needed for: 7114a544-ec4c-40b5-9485-3012da742cb3
  ⏭️ No changes needed for: a0ab86de-bcfd-4b22-97ce-9038827dcd0f
  ⏭️ No changes needed for: 62e67a59-29a2-4b2f-bab7-2db01ea30888
  ⏭️ No changes needed for: bba6ee92-5deb-4ce5-867a-75bbf29fb877
  ⏭️ No changes needed for: 4ba9b2e0-8ffb-4251-adb4-4f2234ca9507
  ⏭️ No changes needed for: 173639de-a405-4e1c-ac8b-7f9572ff7711
  ⏭️ No changes needed for: 9eb79626-70a0-4d70-96ce-d4d0a0aa2553
  ⏭️ No changes needed for: 6172b26b-702d-4a1c-93f0-974840f0ee99
  ⏭️ No changes needed for: 6bd9c94f-c6a5-443f-86ad-b29f90300429
  ⏭️ No changes needed for: c4bfb854-0a27-4fba-af61-087d6b14194a
  ⏭️ No changes needed for: f0e447b3-880c-4ec5-af4d-25742e4a2a2f
  ⏭️ No changes needed for: 83914200-f9f2-44ae-8684-394742bbe76d
  ⏭️ No changes needed for: f4eb291d-52e1-4acc-936f-cfc535b45719
  ⏭️ No changes needed for: 8a9e62c9-fa00-415d-8c49-d51692b9920d
  ⏭️ No changes needed for: 604664e3-1eaa-4de8-a1b0-f09b0e46bce0
  ⏭️ No changes needed for: 91c2a46f-dcec-4bfd-8561-c31524030f4b
  ⏭️ No changes needed for: 900c20e9-59b5-4578-9a6d-7764f03a9515
  ⏭️ No changes needed for: 00abfa8f-0514-4ec3-8f8f-8514183aac86
  ⏭️ No changes needed for: f1f1a28d-53c4-4be9-ab29-55fd70274920
  ⏭️ No changes needed for: bef7f1ce-8808-4683-8e9c-587a2f7ed29e
  ⏭️ No changes needed for: 9e6c1cbe-21c4-42c2-a988-b0d145829a45
  ⏭️ No changes needed for: baebf858-40a8-4cf6-8035-d225ef296b1e
  ⏭️ No changes needed for: c022003e-1729-4560-a40f-7a8f56652b4b
  ⏭️ No changes needed for: f7d4731c-91dc-4f21-b471-e42a0041874a
  ⏭️ No changes needed for: b8a8e51a-312b-4d72-9c79-ede5cb0cd1ab
  ⏭️ No changes needed for: 8cd577e4-1039-4d72-bce7-2eb58f64c489
  ⏭️ No changes needed for: b8706b26-1b2c-468e-9538-e98bf8000a42
  ⏭️ No changes needed for: a938a263-53d0-4bba-8502-331a867a7d44
  ⏭️ No changes needed for: 47861308-3fb8-4a0e-987e-6365273012b4
  ⏭️ No changes needed for: 4b22c09d-aefa-4220-94e0-d7edad115578
  ⏭️ No changes needed for: 93b24ee1-d710-4f2f-8840-9ffbec20ce94
  ⏭️ No changes needed for: 49427263-bcd4-4f62-9dd5-d4608a56c2ef
  ⏭️ No changes needed for: f5c2fc05-693b-4b9b-ba26-dc73dafa8a20
  ⏭️ No changes needed for: 1b18bed4-a118-46cf-943f-abca00b3a939
  ⏭️ No changes needed for: cfb66d25-659e-4b24-91ee-37e4507cd12a
  ⏭️ No changes needed for: a9de69ea-fc72-439b-ba2e-19adcc1e6d97
  ⏭️ No changes needed for: f1196dbd-1c63-41c9-922f-686ec61f12f2
  ⏭️ No changes needed for: b55fea0f-3a17-4637-92ef-0a67a6341586
  ⏭️ No changes needed for: de00e37c-89ed-4eab-a19c-224d7bdba504
  ⏭️ No changes needed for: aa598020-d3cf-46d4-bd76-04aad430eaeb
  ⏭️ No changes needed for: 5b1fc3d4-713e-48bc-9c61-e3d147d412f6
  ⏭️ No changes needed for: c4d36b32-32b5-4c62-9377-4e933c1d1142
  ⏭️ No changes needed for: 87024f59-994e-4add-8023-cc7172c715c6
  ⏭️ No changes needed for: 7c6f0155-4b2a-4f36-89eb-2395536ebe03
  ⏭️ No changes needed for: e94b9efd-0100-418a-8b7b-6e0ae715897c
  ⏭️ No changes needed for: 813022df-ce60-40ca-86af-728570ad728c
  ⏭️ No changes needed for: aa1ea21e-c941-4d1c-9694-9868cb092f09
  ⏭️ No changes needed for: 1408e014-4560-4206-96d5-6fd708eb0ddd
  ⏭️ No changes needed for: 7231267e-f4a2-4b95-85ba-b7925b1054ee
  ⏭️ No changes needed for: 38dc92b9-63f8-4d17-8ba6-ac7137f7d463
  ⏭️ No changes needed for: 4fbfa5c8-3e17-453b-9423-917bf83d4506
  ⏭️ No changes needed for: 85fcc818-014a-4b5f-b448-ff46f70b57fe
  ⏭️ No changes needed for: 5a5d3a4f-fa29-4848-aa25-65634e6822ab
  ⏭️ No changes needed for: ba9a94ac-c4e1-43ab-9b06-a1f0f092fc7e
  ⏭️ No changes needed for: 4939a09c-9b14-4dc8-8505-37638b436b56
  ⏭️ No changes needed for: 4d93aa3c-51ae-4901-a655-de7e51cea43e
  ⏭️ No changes needed for: f132e11b-8809-4dbe-ad82-592ca29000de
  ⏭️ No changes needed for: c99cdb9e-3d4e-4624-86c2-e9f41a6255ad
  ⏭️ No changes needed for: a2f31052-3039-4e0d-b820-526e0e7ca4f2
  ⏭️ No changes needed for: f5885035-cf1c-4f9d-bf95-7e7a16e15309
  ⏭️ No changes needed for: 600237d1-9976-47a8-bebb-e78592dd3f6e
  ⏭️ No changes needed for: 68e99183-46fe-48e1-9e90-4e580f53ce0d
  ⏭️ No changes needed for: 842c625b-7cfd-4e7f-a661-5d92955f792f
  ⏭️ No changes needed for: 14defdb3-36f6-4c1b-a3a9-f7716ada7866
  ⏭️ No changes needed for: c1f63a73-7f17-4d3f-a4a2-f25f50663746
  ⏭️ No changes needed for: 3fa1b373-cba2-4080-ab20-ecdcf008b382
  ⏭️ No changes needed for: 39f33bb9-9f38-40af-a868-30813e6ca15b
  ⏭️ No changes needed for: 1b538a7d-4370-49a3-a1af-b3110a4015a0
  ⏭️ No changes needed for: 64754632-f529-49bd-a217-d33cc5e28c32
  ⏭️ No changes needed for: fe6e329c-3571-4935-b2c9-90fb9ee969cb
  ⏭️ No changes needed for: e8d27b17-9e6d-4682-86b4-ebdc5b44c7f7
  ⏭️ No changes needed for: 8024de93-41f3-4e37-9b9f-41b0e80a8f2f
  ⏭️ No changes needed for: 35a617fd-3db4-462f-902f-1aceb76057dc
  ⏭️ No changes needed for: 651b5606-d177-4fca-9684-057946026fc1
  ⏭️ No changes needed for: 4f7c9da6-1d8b-466c-917e-05ace5f350bf
  ⏭️ No changes needed for: bad177c1-bbc8-4f65-a0de-25ee7f85f356
  ⏭️ No changes needed for: 934a1c3b-4e15-488b-8e4f-019efab05178
  ⏭️ No changes needed for: ced31218-2c1c-4404-9527-e8dc3d9b229e
  ⏭️ No changes needed for: 41c139f9-25a7-4ef5-8709-9dc1ee6af142
  ⏭️ No changes needed for: b64ddc39-a321-4fc3-ac03-1e2264836527
  ⏭️ No changes needed for: 0b69a89b-4e7f-46bf-92bf-08d29fecb79c
  ⏭️ No changes needed for: ad56dbb0-fe51-400f-9657-340031c3dea7
  ⏭️ No changes needed for: f5f41b6b-f498-4962-aa87-888b1def3d38
  ⏭️ No changes needed for: 21116c31-aefa-471d-9327-c97c196c9c70
  ⏭️ No changes needed for: ddda3654-b0c0-40ee-93a2-ab06dfc0c17f
  ⏭️ No changes needed for: 14f0bba5-bf94-4d8d-8ebb-554098672765
  ⏭️ No changes needed for: 29530f4b-a910-46e7-b4e8-219e164e152c
  ⏭️ No changes needed for: 3c73cd82-e78e-4f28-9178-c174c5a7a53a
  ⏭️ No changes needed for: ba78e9c7-abf7-492f-94cf-2723fe67fc3a
  ⏭️ No changes needed for: c7ba302d-e05c-4abc-83cb-33790aded9f6
  ⏭️ No changes needed for: af32f841-28ae-416f-95c5-e4ab987acc60
  ✅ Created new registrations document: 222ddcc8-4f1a-4301-9e44-18a89770e1ed
  📝 Skipping a33c5107-9221-49ee-8bff-b289b452e784 - not eligible for production sync
  📝 Skipping 99b62c5b-2d48-406a-ae48-168f193d4be4 - not eligible for production sync
  ⏭️ No changes needed for: 691bbbe7-cb53-4350-99a6-e9554bf59fd9
  📝 Skipping ed200d3e-6355-468c-9535-9b1f4ae2c002 - not eligible for production sync
  📝 Skipping 3440c561-1a8f-4489-b3a8-380132cbc4c4 - not eligible for production sync
  📝 Skipping 37c0eb25-0691-45ef-9c01-12bb75b845e0 - not eligible for production sync
  📝 Skipping 13ce226e-c9c8-4fa3-a18f-ef33ebb03f4c - not eligible for production sync
  ⏭️ No changes needed for: d6602998-8d2a-465a-9f13-66f2e6e011e0
  ⏭️ No changes needed for: bdeecfc7-94ef-4eb8-a246-6d2883f31db8
  ⏭️ No changes needed for: b509f98e-6270-4666-89fe-d9776f73c331
  ⏭️ No changes needed for: 016c35f4-69d8-4a03-8eaf-98f568f53aef
  ⏭️ No changes needed for: 5d344e43-7f6f-42b3-b468-cc2aaf1aca34
  ⏭️ No changes needed for: ee93dfa6-912b-4554-9521-e57eb0326b96
  ⏭️ No changes needed for: 523998a8-9660-44af-a241-0178a7295e6f
  ⏭️ No changes needed for: 43f3fa8b-e605-44cf-af81-d4250eaa276f
  ⏭️ No changes needed for: 2cb923f1-c674-4a52-8bab-05aa94c5148f
  ⏭️ No changes needed for: 471a1d79-3b3e-4f51-820e-ce7c8d8c82d7
  ⏭️ No changes needed for: b49542ec-cbf2-43fe-95bb-b93edcd466f2
  ⏭️ No changes needed for: 90fa5fed-7798-4e2f-9b13-521ddcfea8c6
  ⏭️ No changes needed for: 136dac1d-9eb1-4c62-af3b-2b8c0375a277
  ⏭️ No changes needed for: 9096129e-dba5-4073-856b-937df2c6d3f1
  ✅ Created new registrations document: 8a63ce42-9276-4254-b3cc-406d78cdbb16
  ⏭️ No changes needed for: a502eec2-4f0b-44aa-b605-a6ec622a546a
  ⏭️ No changes needed for: 529f2e9c-0ae1-4fde-ac1b-f2cd5eb70776
  ⏭️ No changes needed for: eca933dc-b896-4ffd-8569-94e1e6646798
  ⏭️ No changes needed for: 2a0eef32-78e2-4ad8-be6a-db2e356db9ef
  ⏭️ No changes needed for: 8fbccf2e-8e80-4e82-b77a-13925df583e1
  ⏭️ No changes needed for: f04785c9-1eb8-4bba-b6be-634ba4d8d8f8
  ⏭️ No changes needed for: 16d5b9c2-46fe-4959-989a-b761c6c3c4d5
  ⏭️ No changes needed for: e851a2e9-d08f-4e52-9dc2-eaa446f60cad
  ⏭️ No changes needed for: aca83ae3-33e9-4ff3-a4cd-6af04554479b
  ⏭️ No changes needed for: 91eb13fe-0714-4c79-8839-9c36389ac20a
  ⏭️ No changes needed for: ac2f75bc-d628-4953-82ff-10e3491e6c6c
  ⏭️ No changes needed for: 3b47e5d9-cb7e-4d0c-ac82-cb0d2074b85b
  ⏭️ No changes needed for: a767f6a8-1761-4a64-81d4-c60f1491ba88
  ⏭️ No changes needed for: 327c8fb9-f6b8-406f-b69a-fa7f505cc7ac
  ⏭️ No changes needed for: 825be57a-a1d2-4baa-86a6-a8d7c049e0ee
  ⏭️ No changes needed for: 654fff3d-b939-4984-89bd-17e9dc8d9a75
  ⏭️ No changes needed for: 7614f44f-66e7-4e2e-a542-7e7f75ddfc8f
  ⏭️ No changes needed for: 0a5f85cd-0f5d-4853-ae2c-25279217d6d1
  ⏭️ No changes needed for: 4be7c072-c65d-4e67-9420-59d42053010a
  ⏭️ No changes needed for: f9aa866b-337b-4168-9104-5ad514c88d92
  ✅ Created new registrations document: 533f4153-ab85-4552-a372-2d71fc42e546
  ⏭️ No changes needed for: 371a8bae-7c4f-4650-a0d6-085912e5f57c
  ⏭️ No changes needed for: b59e8fde-a714-448a-976c-78d7d086a864
  ⏭️ No changes needed for: ac880769-a251-4914-b16d-f75b4d839a2d
  ⏭️ No changes needed for: 92d8d83d-cc7a-4b7d-87de-8f745474b55b
  ⏭️ No changes needed for: c2f9862b-e01b-4a40-b111-6b8bd836e0fc
  ⏭️ No changes needed for: 9b95f80d-ca82-41bc-ac21-2534ce013fb9
  ⏭️ No changes needed for: 2057dc45-b02c-45fa-a937-4bdc13dd0834
  ⏭️ No changes needed for: e479c417-5657-4d1f-9b40-5248ba8f030e
  ⏭️ No changes needed for: e5196356-f67d-49c2-bc91-b3025353dea8
  ⏭️ No changes needed for: 76349cc5-309e-48c2-87a2-7edfb10fc4e9
  ⏭️ No changes needed for: c20df7a8-da41-4d6c-bc77-d5b9e1324a47
  ⏭️ No changes needed for: d015825f-5874-459d-965d-40d6d2bdd0a8
  ⏭️ No changes needed for: 4dc40f4f-0968-4620-bd1c-33d4cbe01b7f
  ⏭️ No changes needed for: 11e5d2aa-9054-485b-8dcd-bd248bb93464
  ⏭️ No changes needed for: b097e5ef-b7cb-4953-87c6-fd85296a0b53
  ⏭️ No changes needed for: eb468500-8643-4af6-9389-1329ff3d9e73
  ⏭️ No changes needed for: cfce6d0f-1c50-4943-80f9-cc37a24090b7
  ⏭️ No changes needed for: 96281c47-0525-44a7-9ff0-07f6d0ef5fdd
  ⏭️ No changes needed for: 01941777-c4bd-4dfc-8927-337006fefd56
  ⏭️ No changes needed for: 52b87f93-4b4c-4ed2-84ce-d62016a485a0
  ✅ Created new registrations document: 232d7ba5-0795-41b8-9532-1747580c5693
  ⏭️ No changes needed for: 535b823e-c4b2-4876-80d1-cf608be46c78
✅ import_registrations sync complete: 284 processed, 4 created, 0 updated, 7 skipped (not production eligible)

--- Syncing import_attendees -> attendees ---
Found 418 documents in import_attendees
  ⏭️ No changes needed for: import_dcb47cfb-fe4c-4fc4-a373-2805500e797f_attendee_0
  ⏭️ No changes needed for: import_1dfc42bb-7fae-4cff-a763-f57934a880e0_attendee_0
  ⏭️ No changes needed for: import_1dfc42bb-7fae-4cff-a763-f57934a880e0_attendee_1
  ⏭️ No changes needed for: import_e976c5a7-e506-4acf-a718-d893ded67f10_attendee_0
  ⏭️ No changes needed for: import_385f58c7-9a3b-4b45-9e3c-d461fdc6b19d_attendee_0
  ⏭️ No changes needed for: import_cdc7fc39-8828-4f75-9314-66e54534da7a_attendee_0
  ⏭️ No changes needed for: import_cdc7fc39-8828-4f75-9314-66e54534da7a_attendee_1
  ⏭️ No changes needed for: import_cdc7fc39-8828-4f75-9314-66e54534da7a_attendee_2
  ⏭️ No changes needed for: import_cdc7fc39-8828-4f75-9314-66e54534da7a_attendee_3
  ⏭️ No changes needed for: import_ad076c4f-95a4-4fb0-9e50-521916386d64_attendee_0
  ⏭️ No changes needed for: import_a27ae77c-5e64-463f-a20e-c39febc3b537_attendee_0
  ⏭️ No changes needed for: import_a27ae77c-5e64-463f-a20e-c39febc3b537_attendee_1
  ⏭️ No changes needed for: import_796c4447-b3f8-404b-8610-322b61f92985_attendee_0
  ⏭️ No changes needed for: import_fa2a849a-1276-444e-bd93-a2303871e5f5_attendee_0
  ⏭️ No changes needed for: import_f6d6bc9a-465a-4ed3-85ef-4e9b312fea2b_attendee_0
  ⏭️ No changes needed for: import_f6d6bc9a-465a-4ed3-85ef-4e9b312fea2b_attendee_1
  ⏭️ No changes needed for: import_d2cfbf4d-1c03-4aa7-84cc-37f7b0ad87d3_attendee_0
  ⏭️ No changes needed for: import_19cea4d0-6f5a-489a-abc8-56c4980b37d0_attendee_0
  ⏭️ No changes needed for: import_19cea4d0-6f5a-489a-abc8-56c4980b37d0_attendee_1
  ⏭️ No changes needed for: import_aaef562e-92c4-4f6e-860c-e9874dec341e_attendee_0
  ⏭️ No changes needed for: import_aaef562e-92c4-4f6e-860c-e9874dec341e_attendee_1
  ⏭️ No changes needed for: import_d9bc7cb7-31c1-4a13-8a92-c293f3d1cf63_attendee_0
  ⏭️ No changes needed for: import_2d56701e-263f-4d25-b037-6a77e4e56b7b_attendee_0
  ⏭️ No changes needed for: import_fc71d5ec-a70d-4874-86d1-ef1e2c05d162_attendee_0
  ⏭️ No changes needed for: import_fc71d5ec-a70d-4874-86d1-ef1e2c05d162_attendee_1
  ⏭️ No changes needed for: import_4637d778-f452-4f79-b7a8-0391b1845a90_attendee_0
  ⏭️ No changes needed for: import_58603dca-656b-406a-afa4-3f4770fb13f0_attendee_0
  ⏭️ No changes needed for: import_ac888821-9ecb-4783-ad3f-08a035cfef88_attendee_0
  ⏭️ No changes needed for: import_ac888821-9ecb-4783-ad3f-08a035cfef88_attendee_1
  ⏭️ No changes needed for: import_41139e7f-dc81-4b0e-a937-04be23115719_attendee_0
  ⏭️ No changes needed for: import_41139e7f-dc81-4b0e-a937-04be23115719_attendee_1
  ⏭️ No changes needed for: import_6b9d5cfe-7d0e-4524-b3b0-998d4b1d4307_attendee_0
  ⏭️ No changes needed for: import_4cbfbf96-09a7-48b7-9f5d-defc560f4437_attendee_0
  ⏭️ No changes needed for: import_4cbfbf96-09a7-48b7-9f5d-defc560f4437_attendee_1
  ⏭️ No changes needed for: import_7c2c244d-e49d-42f8-91e9-b17eaf4c524e_attendee_0
  ⏭️ No changes needed for: import_7c2c244d-e49d-42f8-91e9-b17eaf4c524e_attendee_1
  ⏭️ No changes needed for: import_0ffcc96c-c707-4734-b9ee-01e88f7f6287_attendee_0
  ⏭️ No changes needed for: import_de41c05d-883d-4d81-8076-61ec5d4118f7_attendee_0
  ⏭️ No changes needed for: import_de41c05d-883d-4d81-8076-61ec5d4118f7_attendee_1
  ⏭️ No changes needed for: import_81a0efea-6c33-44e5-a774-15f7503103ef_attendee_0
  ⏭️ No changes needed for: import_87f05b8d-b855-4257-8ff6-4e1e3054f284_attendee_0
  ⏭️ No changes needed for: import_c78c299a-6d27-466d-83e0-52bbdea0ce6d_attendee_0
  ⏭️ No changes needed for: import_c78c299a-6d27-466d-83e0-52bbdea0ce6d_attendee_1
  ⏭️ No changes needed for: import_5f5e6262-ee70-442b-b60d-13a1e9d05b59_attendee_0
  ⏭️ No changes needed for: import_7cd73df6-1f8f-4ef9-ac58-4add682a22fb_attendee_0
  ⏭️ No changes needed for: import_7e45338c-6b8f-402b-bc64-c6060b1dbf3a_attendee_0
  ⏭️ No changes needed for: import_5e960fef-18b2-4cb9-879b-3b6d421094f3_attendee_0
  ⏭️ No changes needed for: import_aaefe8b5-8fe0-4d42-ab55-d6041b5f368b_attendee_0
  ⏭️ No changes needed for: import_32d21494-e4f5-4b47-bde3-a0b2ee3e5168_attendee_0
  ⏭️ No changes needed for: import_280d8507-8f26-4dff-929f-bee4fb08df3c_attendee_0
  ⏭️ No changes needed for: import_a628400f-70d0-4dd4-a911-085d832f7ef0_attendee_0
  ⏭️ No changes needed for: import_a628400f-70d0-4dd4-a911-085d832f7ef0_attendee_1
  ⏭️ No changes needed for: import_a628400f-70d0-4dd4-a911-085d832f7ef0_attendee_2
  ⏭️ No changes needed for: import_a628400f-70d0-4dd4-a911-085d832f7ef0_attendee_3
  ⏭️ No changes needed for: import_a628400f-70d0-4dd4-a911-085d832f7ef0_attendee_4
  ⏭️ No changes needed for: import_a628400f-70d0-4dd4-a911-085d832f7ef0_attendee_5
  ⏭️ No changes needed for: import_7eeaa0c0-940e-419e-acfb-74cc749ae9f7_attendee_0
  ⏭️ No changes needed for: import_b5319e51-5e80-4d52-92ec-ea04d04d4b17_attendee_0
  ⏭️ No changes needed for: import_b5319e51-5e80-4d52-92ec-ea04d04d4b17_attendee_1
  ⏭️ No changes needed for: import_dceb2353-edbb-40b5-8e0b-3397b52f5251_attendee_0
  ⏭️ No changes needed for: import_7e849067-7a9f-47e9-a7ef-afbf41287526_attendee_0
  ⏭️ No changes needed for: import_7e849067-7a9f-47e9-a7ef-afbf41287526_attendee_1
  ⏭️ No changes needed for: import_7e849067-7a9f-47e9-a7ef-afbf41287526_attendee_2
  ⏭️ No changes needed for: import_e59a4310-1b71-4d40-b54f-9b257119ce0c_attendee_0
  ⏭️ No changes needed for: import_ba6e1cd9-e6dc-44f3-bd6e-147e97757322_attendee_0
  ⏭️ No changes needed for: import_ae264762-37a8-4855-96f1-731de78101c3_attendee_0
  ⏭️ No changes needed for: import_ae264762-37a8-4855-96f1-731de78101c3_attendee_1
  ⏭️ No changes needed for: import_c07e9082-74d6-40c5-9706-4a182bbae469_attendee_0
  ⏭️ No changes needed for: import_c07e9082-74d6-40c5-9706-4a182bbae469_attendee_1
  ⏭️ No changes needed for: import_6de84192-3fc4-483c-8f88-cfd041da7d4d_attendee_0
  ⏭️ No changes needed for: import_b6323eba-bc87-4af2-b1e7-ef2596a309a3_attendee_0
  ⏭️ No changes needed for: import_06af9237-4b36-4b3a-a0be-f2b6621163e2_attendee_0
  ⏭️ No changes needed for: import_06af9237-4b36-4b3a-a0be-f2b6621163e2_attendee_1
  ⏭️ No changes needed for: import_fb64e002-786a-477a-bf28-a1d70b8956d5_attendee_0
  ⏭️ No changes needed for: import_fb64e002-786a-477a-bf28-a1d70b8956d5_attendee_1
  ⏭️ No changes needed for: import_4ec8df77-0ff2-4ba0-9dda-8ce7ef6897c0_attendee_0
  ⏭️ No changes needed for: import_4ec8df77-0ff2-4ba0-9dda-8ce7ef6897c0_attendee_1
  ⏭️ No changes needed for: import_f8ef3cf1-c1f2-4436-955b-ba03783db8c4_attendee_0
  ⏭️ No changes needed for: import_1bb667a3-772c-4128-ad01-195f1a390b26_attendee_0
  ⏭️ No changes needed for: import_8822a242-33f0-465f-a36f-e9fe3e0bfa42_attendee_0
  ⏭️ No changes needed for: import_76dfe363-bd34-4cf7-aea3-e9aa8aba6a92_attendee_0
  ⏭️ No changes needed for: import_bebf3902-d258-4f59-b196-b325a0a13067_attendee_0
  ⏭️ No changes needed for: import_bebf3902-d258-4f59-b196-b325a0a13067_attendee_1
  ⏭️ No changes needed for: import_bebf3902-d258-4f59-b196-b325a0a13067_attendee_2
  ⏭️ No changes needed for: import_9824649f-23fd-4b35-8c98-6689d165e0e5_attendee_0
  ⏭️ No changes needed for: import_d86cacab-f4a3-42b8-b036-c9d87879362a_attendee_0
  ⏭️ No changes needed for: import_05b60b38-d9a4-441c-8719-e159dca33801_attendee_0
  ⏭️ No changes needed for: import_05b60b38-d9a4-441c-8719-e159dca33801_attendee_1
  ⏭️ No changes needed for: import_5f8c5038-506d-4415-8e99-b31d9aafd97c_attendee_0
  ⏭️ No changes needed for: import_a6c1b7d4-2652-48af-b463-dcc1c0672e1c_attendee_0
  ⏭️ No changes needed for: import_55f5efa0-7fa6-49b0-8af5-e8d99b8e63c7_attendee_0
  ⏭️ No changes needed for: import_5ae82936-f475-4bed-8949-909240cca6b0_attendee_0
  ⏭️ No changes needed for: import_5a6c07f5-a7c6-428a-b644-1b483b123cd1_attendee_0
  ⏭️ No changes needed for: import_5a6c07f5-a7c6-428a-b644-1b483b123cd1_attendee_1
  ⏭️ No changes needed for: import_b099cb88-4b59-4bfa-8614-00168efe4506_attendee_0
  ⏭️ No changes needed for: import_dc7124e2-ac91-4db6-ab78-e234c01e2b6f_attendee_0
  ⏭️ No changes needed for: import_00b28deb-15cb-4574-aebf-62b283014e5f_attendee_0
  ⏭️ No changes needed for: import_a5ed4449-72fa-4a36-a8cd-fa3ad7f39216_attendee_0
  ⏭️ No changes needed for: import_09eedf17-8027-486a-ac39-8f12ce11d946_attendee_0
  ⏭️ No changes needed for: import_09eedf17-8027-486a-ac39-8f12ce11d946_attendee_1
  ⏭️ No changes needed for: import_09eedf17-8027-486a-ac39-8f12ce11d946_attendee_2
  ⏭️ No changes needed for: import_09eedf17-8027-486a-ac39-8f12ce11d946_attendee_3
  ⏭️ No changes needed for: import_83a0301d-1cf4-4619-b60f-f31db417543f_attendee_0
  ⏭️ No changes needed for: import_d0cd255d-8df7-4c51-a059-77b09d3fb77b_attendee_0
  ⏭️ No changes needed for: import_51bb86f4-9377-47c6-ace8-437f2adf9152_attendee_0
  ⏭️ No changes needed for: import_51bb86f4-9377-47c6-ace8-437f2adf9152_attendee_1
  ⏭️ No changes needed for: import_39909307-3d17-4c5b-8079-0a1af43bb9cb_attendee_0
  ⏭️ No changes needed for: import_9e54b96f-1d01-4405-b64a-4cabf53195d9_attendee_0
  ⏭️ No changes needed for: import_9e54b96f-1d01-4405-b64a-4cabf53195d9_attendee_1
  ⏭️ No changes needed for: import_aaf37b5b-9dbd-4013-b554-32617bf87d51_attendee_0
  ⏭️ No changes needed for: import_aaf37b5b-9dbd-4013-b554-32617bf87d51_attendee_1
  ⏭️ No changes needed for: import_eaf0a53d-323f-4414-88af-2f99e7d811c2_attendee_0
  ⏭️ No changes needed for: import_eaf0a53d-323f-4414-88af-2f99e7d811c2_attendee_1
  ⏭️ No changes needed for: import_51e2ba36-4e5e-4ad9-899f-6d96aecc570e_attendee_0
  ⏭️ No changes needed for: import_6c513d98-b99d-44c9-8866-fb52a8b4e73a_attendee_0
  ⏭️ No changes needed for: import_368f6bf4-7548-4e40-acdb-b3e18960dcba_attendee_0
  ⏭️ No changes needed for: import_309dbd62-cd14-4508-ae5d-0fec9460480c_attendee_0
  ⏭️ No changes needed for: import_f9455f8b-f5cf-473c-a4af-eda75d079b4c_attendee_0
  ⏭️ No changes needed for: import_f9455f8b-f5cf-473c-a4af-eda75d079b4c_attendee_1
  ⏭️ No changes needed for: import_739b318b-e420-4f3f-84bd-85363b7dc646_attendee_0
  ⏭️ No changes needed for: import_588503a7-9ddc-4194-9ebe-2f0cee5d333c_attendee_0
  ⏭️ No changes needed for: import_588503a7-9ddc-4194-9ebe-2f0cee5d333c_attendee_1
  ⏭️ No changes needed for: import_0e3cf4ae-30db-4b57-93d5-e921ffbb3b68_attendee_0
  ⏭️ No changes needed for: import_219863ff-00b5-484a-b4ac-c5044dc9da56_attendee_0
  ⏭️ No changes needed for: import_31c69b73-c29a-49c2-875f-0edc956887f6_attendee_0
  ⏭️ No changes needed for: import_795ee269-5557-40eb-a630-a632d1b8b12c_attendee_0
  ⏭️ No changes needed for: import_515643e7-96c9-4992-a06c-b6921333884f_attendee_0
  ⏭️ No changes needed for: import_d887bfbc-9cb2-436e-a88b-9b09f0036e3d_attendee_0
  ⏭️ No changes needed for: import_8edbb829-03bd-43f1-942f-6b794ae016fb_attendee_0
  ⏭️ No changes needed for: import_c895052b-b2b8-4425-a7dd-14af04b7b305_attendee_0
  ⏭️ No changes needed for: import_c895052b-b2b8-4425-a7dd-14af04b7b305_attendee_1
  ⏭️ No changes needed for: import_e7178d67-e8f8-4779-8ffe-a385fa2a4c8f_attendee_0
  ⏭️ No changes needed for: import_d5ba2d93-37b0-4345-bde5-d8452d00d2a1_attendee_0
  ⏭️ No changes needed for: import_d5ba2d93-37b0-4345-bde5-d8452d00d2a1_attendee_1
  ⏭️ No changes needed for: import_5c090c4f-1200-44c6-a1b8-5ae407d80773_attendee_0
  ⏭️ No changes needed for: import_4d7cd41b-a927-4e54-9507-6918345dc77a_attendee_0
  ⏭️ No changes needed for: import_dd28f520-702c-4b4c-8221-1e9b82cdbd13_attendee_0
  ⏭️ No changes needed for: import_7e7be040-bea3-4dad-a315-f5801d481c9b_attendee_0
  ⏭️ No changes needed for: import_7dcedd29-aa28-4311-9189-72c2dd0df3c6_attendee_0
  ⏭️ No changes needed for: import_7dcedd29-aa28-4311-9189-72c2dd0df3c6_attendee_1
  ⏭️ No changes needed for: import_139812d3-07bb-469e-ac68-d5bac4f4ff7f_attendee_0
  ⏭️ No changes needed for: import_e1e42741-88e3-448d-9e00-ac51d1241561_attendee_0
  ⏭️ No changes needed for: import_8cdc833c-dccc-443c-b94a-7acede322b12_attendee_0
  ⏭️ No changes needed for: import_8cdc833c-dccc-443c-b94a-7acede322b12_attendee_1
  ⏭️ No changes needed for: import_49c7d9b4-a320-4a4e-9527-899bf9ac2926_attendee_0
  ⏭️ No changes needed for: import_cce7636f-91e4-4d62-8b09-732a2fdc08a3_attendee_0
  ⏭️ No changes needed for: import_9e876811-1f10-43f9-be9d-232678703c25_attendee_0
  ⏭️ No changes needed for: import_21533af7-519e-4240-9bbe-f5bc093c55ea_attendee_0
  ⏭️ No changes needed for: import_79f02689-658e-46f3-b710-b9abfb594a2f_attendee_0
  ⏭️ No changes needed for: import_79f02689-658e-46f3-b710-b9abfb594a2f_attendee_1
  ⏭️ No changes needed for: import_0423c488-3733-491a-8f47-e8e8b207f292_attendee_0
  ⏭️ No changes needed for: import_0423c488-3733-491a-8f47-e8e8b207f292_attendee_1
  ⏭️ No changes needed for: import_cb808fcc-9dbc-4dae-9bf4-59621c2ad197_attendee_0
  ⏭️ No changes needed for: import_d77540b8-e45c-4e4b-bd86-560599a4c7a5_attendee_0
  ⏭️ No changes needed for: import_d77540b8-e45c-4e4b-bd86-560599a4c7a5_attendee_1
  ⏭️ No changes needed for: import_9e5261c3-f48b-4ef3-a50f-4ef4b310308b_attendee_0
  ⏭️ No changes needed for: import_9e5261c3-f48b-4ef3-a50f-4ef4b310308b_attendee_1
  ⏭️ No changes needed for: import_44ea15b1-3249-4a62-9073-d58d42a0de2f_attendee_0
  ⏭️ No changes needed for: import_68c9c37f-d92c-468d-8b9c-f80f8cf12df8_attendee_0
  ⏭️ No changes needed for: import_2f1d05ab-f7aa-4d83-8bc0-8ec705e1b34e_attendee_0
  ⏭️ No changes needed for: import_85fe486f-8fde-40a4-8462-0b5249c462df_attendee_0
  ⏭️ No changes needed for: import_f6e6b6f2-3857-4041-8d58-6a31476fcfd5_attendee_0
  ⏭️ No changes needed for: import_75da2228-08db-4570-8208-3ee9972cf36c_attendee_0
  ⏭️ No changes needed for: import_75da2228-08db-4570-8208-3ee9972cf36c_attendee_1
  ⏭️ No changes needed for: import_75da2228-08db-4570-8208-3ee9972cf36c_attendee_2
  ⏭️ No changes needed for: import_75da2228-08db-4570-8208-3ee9972cf36c_attendee_3
  ⏭️ No changes needed for: import_2d950769-dd26-462f-a79b-99e4d776cd2f_attendee_0
  ⏭️ No changes needed for: import_2d950769-dd26-462f-a79b-99e4d776cd2f_attendee_1
  ⏭️ No changes needed for: import_9b78d16f-5de8-4a8c-aed4-d26ddf1868d0_attendee_0
  ⏭️ No changes needed for: import_9b78d16f-5de8-4a8c-aed4-d26ddf1868d0_attendee_1
  ⏭️ No changes needed for: import_2e8f9f51-ec8d-48fc-bc6c-a9ad6bb3a0d5_attendee_0
  ⏭️ No changes needed for: import_450615ce-0686-45e9-951e-a45e2b131b77_attendee_0
  ⏭️ No changes needed for: import_dec89eb5-8a11-4f8b-b0ab-f814ee6958f8_attendee_0
  ⏭️ No changes needed for: import_dec89eb5-8a11-4f8b-b0ab-f814ee6958f8_attendee_1
  ⏭️ No changes needed for: import_70128447-9794-4d90-a0f8-07db6714923b_attendee_0
  ⏭️ No changes needed for: import_70128447-9794-4d90-a0f8-07db6714923b_attendee_1
  ⏭️ No changes needed for: import_409c2fb7-3879-4268-9e76-6b1ae35e261c_attendee_0
  ⏭️ No changes needed for: import_6cedcf70-4b1b-4986-9853-a1b4a82e1932_attendee_0
  ⏭️ No changes needed for: import_75005e54-cb64-40da-9ab0-d6e689cea9db_attendee_0
  ⏭️ No changes needed for: import_375ee76c-95ed-4508-87ad-da2cedc2dde2_attendee_0
  ⏭️ No changes needed for: import_375ee76c-95ed-4508-87ad-da2cedc2dde2_attendee_1
  ⏭️ No changes needed for: import_97614ee1-ccbe-4f7e-b3dc-4d52869eb7e3_attendee_0
  ⏭️ No changes needed for: import_fe60b238-b863-476c-8009-44c8a5ba8a36_attendee_0
  ⏭️ No changes needed for: import_fe60b238-b863-476c-8009-44c8a5ba8a36_attendee_1
  ⏭️ No changes needed for: import_f52478d1-10da-4de7-9aa9-a297ae136f6c_attendee_0
  ⏭️ No changes needed for: import_f52478d1-10da-4de7-9aa9-a297ae136f6c_attendee_1
  ⏭️ No changes needed for: import_6f6d034e-b826-4bfd-8f4d-0bdfa6b5762f_attendee_0
  ⏭️ No changes needed for: import_6f6d034e-b826-4bfd-8f4d-0bdfa6b5762f_attendee_1
  ⏭️ No changes needed for: import_647b4256-1b94-4398-8826-8fe6c252db7d_attendee_0
  ⏭️ No changes needed for: import_b468b78e-4f44-41c4-9eae-f642fe941206_attendee_0
  ⏭️ No changes needed for: import_b468b78e-4f44-41c4-9eae-f642fe941206_attendee_1
  ⏭️ No changes needed for: import_039c8b9c-c654-4119-9f5c-29f03c4e6b95_attendee_0
  ⏭️ No changes needed for: import_0b3fcddb-d431-4691-97e9-64d33e8b3c8c_attendee_0
  ⏭️ No changes needed for: import_7114a544-ec4c-40b5-9485-3012da742cb3_attendee_0
  ⏭️ No changes needed for: import_a0ab86de-bcfd-4b22-97ce-9038827dcd0f_attendee_0
  ⏭️ No changes needed for: import_62e67a59-29a2-4b2f-bab7-2db01ea30888_attendee_0
  ⏭️ No changes needed for: import_bba6ee92-5deb-4ce5-867a-75bbf29fb877_attendee_0
  ⏭️ No changes needed for: import_4ba9b2e0-8ffb-4251-adb4-4f2234ca9507_attendee_0
  ⏭️ No changes needed for: import_173639de-a405-4e1c-ac8b-7f9572ff7711_attendee_0
  ⏭️ No changes needed for: import_9eb79626-70a0-4d70-96ce-d4d0a0aa2553_attendee_0
  ⏭️ No changes needed for: import_6172b26b-702d-4a1c-93f0-974840f0ee99_attendee_0
  ⏭️ No changes needed for: import_6bd9c94f-c6a5-443f-86ad-b29f90300429_attendee_0
  ⏭️ No changes needed for: import_c4bfb854-0a27-4fba-af61-087d6b14194a_attendee_0
  ⏭️ No changes needed for: import_f0e447b3-880c-4ec5-af4d-25742e4a2a2f_attendee_0
  ⏭️ No changes needed for: import_83914200-f9f2-44ae-8684-394742bbe76d_attendee_0
  ⏭️ No changes needed for: import_f4eb291d-52e1-4acc-936f-cfc535b45719_attendee_0
  ⏭️ No changes needed for: import_f4eb291d-52e1-4acc-936f-cfc535b45719_attendee_1
  ⏭️ No changes needed for: import_8a9e62c9-fa00-415d-8c49-d51692b9920d_attendee_0
  ⏭️ No changes needed for: import_8a9e62c9-fa00-415d-8c49-d51692b9920d_attendee_1
  ⏭️ No changes needed for: import_8a9e62c9-fa00-415d-8c49-d51692b9920d_attendee_2
  ⏭️ No changes needed for: import_8a9e62c9-fa00-415d-8c49-d51692b9920d_attendee_3
  ⏭️ No changes needed for: import_604664e3-1eaa-4de8-a1b0-f09b0e46bce0_attendee_0
  ⏭️ No changes needed for: import_604664e3-1eaa-4de8-a1b0-f09b0e46bce0_attendee_1
  ⏭️ No changes needed for: import_604664e3-1eaa-4de8-a1b0-f09b0e46bce0_attendee_2
  ⏭️ No changes needed for: import_604664e3-1eaa-4de8-a1b0-f09b0e46bce0_attendee_3
  ⏭️ No changes needed for: import_91c2a46f-dcec-4bfd-8561-c31524030f4b_attendee_0
  ⏭️ No changes needed for: import_91c2a46f-dcec-4bfd-8561-c31524030f4b_attendee_1
  ⏭️ No changes needed for: import_91c2a46f-dcec-4bfd-8561-c31524030f4b_attendee_2
  ⏭️ No changes needed for: import_91c2a46f-dcec-4bfd-8561-c31524030f4b_attendee_3
  ⏭️ No changes needed for: import_900c20e9-59b5-4578-9a6d-7764f03a9515_attendee_0
  ⏭️ No changes needed for: import_900c20e9-59b5-4578-9a6d-7764f03a9515_attendee_1
  ⏭️ No changes needed for: import_00abfa8f-0514-4ec3-8f8f-8514183aac86_attendee_0
  ⏭️ No changes needed for: import_00abfa8f-0514-4ec3-8f8f-8514183aac86_attendee_1
  ⏭️ No changes needed for: import_f1f1a28d-53c4-4be9-ab29-55fd70274920_attendee_0
  ⏭️ No changes needed for: import_f1f1a28d-53c4-4be9-ab29-55fd70274920_attendee_1
  ⏭️ No changes needed for: import_bef7f1ce-8808-4683-8e9c-587a2f7ed29e_attendee_0
  ⏭️ No changes needed for: import_bef7f1ce-8808-4683-8e9c-587a2f7ed29e_attendee_1
  ⏭️ No changes needed for: import_9e6c1cbe-21c4-42c2-a988-b0d145829a45_attendee_0
  ⏭️ No changes needed for: import_baebf858-40a8-4cf6-8035-d225ef296b1e_attendee_0
  ⏭️ No changes needed for: import_c022003e-1729-4560-a40f-7a8f56652b4b_attendee_0
  ⏭️ No changes needed for: import_f7d4731c-91dc-4f21-b471-e42a0041874a_attendee_0
  ⏭️ No changes needed for: import_f7d4731c-91dc-4f21-b471-e42a0041874a_attendee_1
  ⏭️ No changes needed for: import_b8a8e51a-312b-4d72-9c79-ede5cb0cd1ab_attendee_0
  ⏭️ No changes needed for: import_8cd577e4-1039-4d72-bce7-2eb58f64c489_attendee_0
  ⏭️ No changes needed for: import_8cd577e4-1039-4d72-bce7-2eb58f64c489_attendee_1
  ⏭️ No changes needed for: import_b8706b26-1b2c-468e-9538-e98bf8000a42_attendee_0
  ⏭️ No changes needed for: import_b8706b26-1b2c-468e-9538-e98bf8000a42_attendee_1
  ⏭️ No changes needed for: import_a938a263-53d0-4bba-8502-331a867a7d44_attendee_0
  ⏭️ No changes needed for: import_47861308-3fb8-4a0e-987e-6365273012b4_attendee_0
  ⏭️ No changes needed for: import_47861308-3fb8-4a0e-987e-6365273012b4_attendee_1
  ⏭️ No changes needed for: import_4b22c09d-aefa-4220-94e0-d7edad115578_attendee_0
  ⏭️ No changes needed for: import_4b22c09d-aefa-4220-94e0-d7edad115578_attendee_1
  ⏭️ No changes needed for: import_93b24ee1-d710-4f2f-8840-9ffbec20ce94_attendee_0
  ⏭️ No changes needed for: import_93b24ee1-d710-4f2f-8840-9ffbec20ce94_attendee_1
  ⏭️ No changes needed for: import_49427263-bcd4-4f62-9dd5-d4608a56c2ef_attendee_0
  ⏭️ No changes needed for: import_49427263-bcd4-4f62-9dd5-d4608a56c2ef_attendee_1
  ⏭️ No changes needed for: import_49427263-bcd4-4f62-9dd5-d4608a56c2ef_attendee_2
  ⏭️ No changes needed for: import_1b18bed4-a118-46cf-943f-abca00b3a939_attendee_0
  ⏭️ No changes needed for: import_cfb66d25-659e-4b24-91ee-37e4507cd12a_attendee_0
  ⏭️ No changes needed for: import_f1196dbd-1c63-41c9-922f-686ec61f12f2_attendee_0
  ⏭️ No changes needed for: import_b55fea0f-3a17-4637-92ef-0a67a6341586_attendee_0
  ⏭️ No changes needed for: import_b55fea0f-3a17-4637-92ef-0a67a6341586_attendee_1
  ⏭️ No changes needed for: import_b55fea0f-3a17-4637-92ef-0a67a6341586_attendee_2
  ⏭️ No changes needed for: import_b55fea0f-3a17-4637-92ef-0a67a6341586_attendee_3
  ⏭️ No changes needed for: import_de00e37c-89ed-4eab-a19c-224d7bdba504_attendee_0
  ⏭️ No changes needed for: import_de00e37c-89ed-4eab-a19c-224d7bdba504_attendee_1
  ⏭️ No changes needed for: import_5b1fc3d4-713e-48bc-9c61-e3d147d412f6_attendee_0
  ⏭️ No changes needed for: import_5b1fc3d4-713e-48bc-9c61-e3d147d412f6_attendee_1
  ⏭️ No changes needed for: import_c4d36b32-32b5-4c62-9377-4e933c1d1142_attendee_0
  ⏭️ No changes needed for: import_c4d36b32-32b5-4c62-9377-4e933c1d1142_attendee_1
  ⏭️ No changes needed for: import_87024f59-994e-4add-8023-cc7172c715c6_attendee_0
  ⏭️ No changes needed for: import_87024f59-994e-4add-8023-cc7172c715c6_attendee_1
  ⏭️ No changes needed for: import_7c6f0155-4b2a-4f36-89eb-2395536ebe03_attendee_0
  ⏭️ No changes needed for: import_e94b9efd-0100-418a-8b7b-6e0ae715897c_attendee_0
  ⏭️ No changes needed for: import_e94b9efd-0100-418a-8b7b-6e0ae715897c_attendee_1
  ⏭️ No changes needed for: import_e94b9efd-0100-418a-8b7b-6e0ae715897c_attendee_2
  ⏭️ No changes needed for: import_e94b9efd-0100-418a-8b7b-6e0ae715897c_attendee_3
  ⏭️ No changes needed for: import_aa1ea21e-c941-4d1c-9694-9868cb092f09_attendee_0
  ⏭️ No changes needed for: import_aa1ea21e-c941-4d1c-9694-9868cb092f09_attendee_1
  ⏭️ No changes needed for: import_7231267e-f4a2-4b95-85ba-b7925b1054ee_attendee_0
  ⏭️ No changes needed for: import_38dc92b9-63f8-4d17-8ba6-ac7137f7d463_attendee_0
  ⏭️ No changes needed for: import_4fbfa5c8-3e17-453b-9423-917bf83d4506_attendee_0
  ⏭️ No changes needed for: import_4fbfa5c8-3e17-453b-9423-917bf83d4506_attendee_1
  ⏭️ No changes needed for: import_85fcc818-014a-4b5f-b448-ff46f70b57fe_attendee_0
  ⏭️ No changes needed for: import_85fcc818-014a-4b5f-b448-ff46f70b57fe_attendee_1
  ⏭️ No changes needed for: import_5a5d3a4f-fa29-4848-aa25-65634e6822ab_attendee_0
  ⏭️ No changes needed for: import_ba9a94ac-c4e1-43ab-9b06-a1f0f092fc7e_attendee_0
  ⏭️ No changes needed for: import_ba9a94ac-c4e1-43ab-9b06-a1f0f092fc7e_attendee_1
  ⏭️ No changes needed for: import_4939a09c-9b14-4dc8-8505-37638b436b56_attendee_0
  ⏭️ No changes needed for: import_4939a09c-9b14-4dc8-8505-37638b436b56_attendee_1
  ⏭️ No changes needed for: import_4d93aa3c-51ae-4901-a655-de7e51cea43e_attendee_0
  ⏭️ No changes needed for: import_f132e11b-8809-4dbe-ad82-592ca29000de_attendee_0
  ⏭️ No changes needed for: import_c99cdb9e-3d4e-4624-86c2-e9f41a6255ad_attendee_0
  ⏭️ No changes needed for: import_f5885035-cf1c-4f9d-bf95-7e7a16e15309_attendee_0
  ⏭️ No changes needed for: import_600237d1-9976-47a8-bebb-e78592dd3f6e_attendee_0
  ⏭️ No changes needed for: import_600237d1-9976-47a8-bebb-e78592dd3f6e_attendee_1
  ⏭️ No changes needed for: import_600237d1-9976-47a8-bebb-e78592dd3f6e_attendee_2
  ⏭️ No changes needed for: import_600237d1-9976-47a8-bebb-e78592dd3f6e_attendee_3
  ⏭️ No changes needed for: import_600237d1-9976-47a8-bebb-e78592dd3f6e_attendee_4
  ⏭️ No changes needed for: import_600237d1-9976-47a8-bebb-e78592dd3f6e_attendee_5
  ⏭️ No changes needed for: import_600237d1-9976-47a8-bebb-e78592dd3f6e_attendee_6
  ⏭️ No changes needed for: import_600237d1-9976-47a8-bebb-e78592dd3f6e_attendee_7
  ⏭️ No changes needed for: import_600237d1-9976-47a8-bebb-e78592dd3f6e_attendee_8
  ⏭️ No changes needed for: import_600237d1-9976-47a8-bebb-e78592dd3f6e_attendee_9
  ⏭️ No changes needed for: import_68e99183-46fe-48e1-9e90-4e580f53ce0d_attendee_0
  ⏭️ No changes needed for: import_68e99183-46fe-48e1-9e90-4e580f53ce0d_attendee_1
  ⏭️ No changes needed for: import_68e99183-46fe-48e1-9e90-4e580f53ce0d_attendee_2
  ⏭️ No changes needed for: import_68e99183-46fe-48e1-9e90-4e580f53ce0d_attendee_3
  ⏭️ No changes needed for: import_68e99183-46fe-48e1-9e90-4e580f53ce0d_attendee_4
  ⏭️ No changes needed for: import_68e99183-46fe-48e1-9e90-4e580f53ce0d_attendee_5
  ⏭️ No changes needed for: import_68e99183-46fe-48e1-9e90-4e580f53ce0d_attendee_6
  ⏭️ No changes needed for: import_68e99183-46fe-48e1-9e90-4e580f53ce0d_attendee_7
  ⏭️ No changes needed for: import_68e99183-46fe-48e1-9e90-4e580f53ce0d_attendee_8
  ⏭️ No changes needed for: import_68e99183-46fe-48e1-9e90-4e580f53ce0d_attendee_9
  ⏭️ No changes needed for: import_842c625b-7cfd-4e7f-a661-5d92955f792f_attendee_0
  ⏭️ No changes needed for: import_14defdb3-36f6-4c1b-a3a9-f7716ada7866_attendee_0
  ⏭️ No changes needed for: import_c1f63a73-7f17-4d3f-a4a2-f25f50663746_attendee_0
  ⏭️ No changes needed for: import_3fa1b373-cba2-4080-ab20-ecdcf008b382_attendee_0
  ⏭️ No changes needed for: import_39f33bb9-9f38-40af-a868-30813e6ca15b_attendee_0
  ⏭️ No changes needed for: import_64754632-f529-49bd-a217-d33cc5e28c32_attendee_0
  ⏭️ No changes needed for: import_fe6e329c-3571-4935-b2c9-90fb9ee969cb_attendee_0
  ⏭️ No changes needed for: import_e8d27b17-9e6d-4682-86b4-ebdc5b44c7f7_attendee_0
  ⏭️ No changes needed for: import_e8d27b17-9e6d-4682-86b4-ebdc5b44c7f7_attendee_1
  ⏭️ No changes needed for: import_35a617fd-3db4-462f-902f-1aceb76057dc_attendee_0
  ⏭️ No changes needed for: import_4f7c9da6-1d8b-466c-917e-05ace5f350bf_attendee_0
  ⏭️ No changes needed for: import_bad177c1-bbc8-4f65-a0de-25ee7f85f356_attendee_0
  ⏭️ No changes needed for: import_bad177c1-bbc8-4f65-a0de-25ee7f85f356_attendee_1
  ⏭️ No changes needed for: import_bad177c1-bbc8-4f65-a0de-25ee7f85f356_attendee_2
  ⏭️ No changes needed for: import_bad177c1-bbc8-4f65-a0de-25ee7f85f356_attendee_3
  ⏭️ No changes needed for: import_bad177c1-bbc8-4f65-a0de-25ee7f85f356_attendee_4
  ⏭️ No changes needed for: import_934a1c3b-4e15-488b-8e4f-019efab05178_attendee_0
  ⏭️ No changes needed for: import_934a1c3b-4e15-488b-8e4f-019efab05178_attendee_1
  ⏭️ No changes needed for: import_ced31218-2c1c-4404-9527-e8dc3d9b229e_attendee_0
  ⏭️ No changes needed for: import_ced31218-2c1c-4404-9527-e8dc3d9b229e_attendee_1
  ⏭️ No changes needed for: import_41c139f9-25a7-4ef5-8709-9dc1ee6af142_attendee_0
  ⏭️ No changes needed for: import_41c139f9-25a7-4ef5-8709-9dc1ee6af142_attendee_1
  ⏭️ No changes needed for: import_b64ddc39-a321-4fc3-ac03-1e2264836527_attendee_0
  ⏭️ No changes needed for: import_b64ddc39-a321-4fc3-ac03-1e2264836527_attendee_1
  ⏭️ No changes needed for: import_ad56dbb0-fe51-400f-9657-340031c3dea7_attendee_0
  ⏭️ No changes needed for: import_f5f41b6b-f498-4962-aa87-888b1def3d38_attendee_0
  ⏭️ No changes needed for: import_21116c31-aefa-471d-9327-c97c196c9c70_attendee_0
  ⏭️ No changes needed for: import_ddda3654-b0c0-40ee-93a2-ab06dfc0c17f_attendee_0
  ⏭️ No changes needed for: import_ddda3654-b0c0-40ee-93a2-ab06dfc0c17f_attendee_1
  ⏭️ No changes needed for: import_14f0bba5-bf94-4d8d-8ebb-554098672765_attendee_0
  ⏭️ No changes needed for: import_29530f4b-a910-46e7-b4e8-219e164e152c_attendee_0
  ⏭️ No changes needed for: import_3c73cd82-e78e-4f28-9178-c174c5a7a53a_attendee_0
  ⏭️ No changes needed for: import_c7ba302d-e05c-4abc-83cb-33790aded9f6_attendee_0
  ⏭️ No changes needed for: import_af32f841-28ae-416f-95c5-e4ab987acc60_attendee_0
  🔄 Updated attendees document: 01975903-bc26-7452-8d69-4438b9f7b70f
  ⏭️ No changes needed for: import_a33c5107-9221-49ee-8bff-b289b452e784_attendee_0
  ⏭️ No changes needed for: import_99b62c5b-2d48-406a-ae48-168f193d4be4_attendee_0
  ⏭️ No changes needed for: import_691bbbe7-cb53-4350-99a6-e9554bf59fd9_attendee_0
  ⏭️ No changes needed for: import_691bbbe7-cb53-4350-99a6-e9554bf59fd9_attendee_1
  ⏭️ No changes needed for: import_3440c561-1a8f-4489-b3a8-380132cbc4c4_attendee_0
  ⏭️ No changes needed for: import_3440c561-1a8f-4489-b3a8-380132cbc4c4_attendee_1
  ⏭️ No changes needed for: import_3440c561-1a8f-4489-b3a8-380132cbc4c4_attendee_0
  ⏭️ No changes needed for: import_3440c561-1a8f-4489-b3a8-380132cbc4c4_attendee_1
  ⏭️ No changes needed for: import_13ce226e-c9c8-4fa3-a18f-ef33ebb03f4c_attendee_0
  ⏭️ No changes needed for: import_13ce226e-c9c8-4fa3-a18f-ef33ebb03f4c_attendee_1
  ⏭️ No changes needed for: import_13ce226e-c9c8-4fa3-a18f-ef33ebb03f4c_attendee_0
  ⏭️ No changes needed for: import_13ce226e-c9c8-4fa3-a18f-ef33ebb03f4c_attendee_1
  ⏭️ No changes needed for: import_d6602998-8d2a-465a-9f13-66f2e6e011e0_attendee_0
  ⏭️ No changes needed for: import_d6602998-8d2a-465a-9f13-66f2e6e011e0_attendee_1
  ⏭️ No changes needed for: import_b509f98e-6270-4666-89fe-d9776f73c331_attendee_0
  ⏭️ No changes needed for: import_b509f98e-6270-4666-89fe-d9776f73c331_attendee_1
  ⏭️ No changes needed for: import_016c35f4-69d8-4a03-8eaf-98f568f53aef_attendee_0
  ⏭️ No changes needed for: import_5d344e43-7f6f-42b3-b468-cc2aaf1aca34_attendee_0
  ⏭️ No changes needed for: import_ee93dfa6-912b-4554-9521-e57eb0326b96_attendee_0
  ⏭️ No changes needed for: import_43f3fa8b-e605-44cf-af81-d4250eaa276f_attendee_0
  ⏭️ No changes needed for: import_43f3fa8b-e605-44cf-af81-d4250eaa276f_attendee_1
  ⏭️ No changes needed for: import_2cb923f1-c674-4a52-8bab-05aa94c5148f_attendee_0
  ⏭️ No changes needed for: import_471a1d79-3b3e-4f51-820e-ce7c8d8c82d7_attendee_0
  ⏭️ No changes needed for: import_471a1d79-3b3e-4f51-820e-ce7c8d8c82d7_attendee_1
  ⏭️ No changes needed for: import_b49542ec-cbf2-43fe-95bb-b93edcd466f2_attendee_0
  ⏭️ No changes needed for: import_b49542ec-cbf2-43fe-95bb-b93edcd466f2_attendee_1
  ⏭️ No changes needed for: import_b49542ec-cbf2-43fe-95bb-b93edcd466f2_attendee_2
  ⏭️ No changes needed for: import_b49542ec-cbf2-43fe-95bb-b93edcd466f2_attendee_3
  ⏭️ No changes needed for: import_90fa5fed-7798-4e2f-9b13-521ddcfea8c6_attendee_0
  ⏭️ No changes needed for: import_90fa5fed-7798-4e2f-9b13-521ddcfea8c6_attendee_1
  🔄 Updated attendees document: 01977cbf-62d1-709d-9b8d-847981b64f9b
  ⏭️ No changes needed for: import_529f2e9c-0ae1-4fde-ac1b-f2cd5eb70776_attendee_0
  ⏭️ No changes needed for: import_529f2e9c-0ae1-4fde-ac1b-f2cd5eb70776_attendee_1
  ⏭️ No changes needed for: import_eca933dc-b896-4ffd-8569-94e1e6646798_attendee_0
  ⏭️ No changes needed for: import_eca933dc-b896-4ffd-8569-94e1e6646798_attendee_1
  ⏭️ No changes needed for: import_8fbccf2e-8e80-4e82-b77a-13925df583e1_attendee_0
  ⏭️ No changes needed for: import_16d5b9c2-46fe-4959-989a-b761c6c3c4d5_attendee_0
  ⏭️ No changes needed for: import_e851a2e9-d08f-4e52-9dc2-eaa446f60cad_attendee_0
  ⏭️ No changes needed for: import_3b47e5d9-cb7e-4d0c-ac82-cb0d2074b85b_attendee_0
  ⏭️ No changes needed for: import_a767f6a8-1761-4a64-81d4-c60f1491ba88_attendee_0
  ⏭️ No changes needed for: import_327c8fb9-f6b8-406f-b69a-fa7f505cc7ac_attendee_0
  ⏭️ No changes needed for: import_7614f44f-66e7-4e2e-a542-7e7f75ddfc8f_attendee_0
  ⏭️ No changes needed for: import_0a5f85cd-0f5d-4853-ae2c-25279217d6d1_attendee_0
  ⏭️ No changes needed for: import_0a5f85cd-0f5d-4853-ae2c-25279217d6d1_attendee_1
  ⏭️ No changes needed for: import_4be7c072-c65d-4e67-9420-59d42053010a_attendee_0
  ⏭️ No changes needed for: import_4be7c072-c65d-4e67-9420-59d42053010a_attendee_1
  ⏭️ No changes needed for: import_f9aa866b-337b-4168-9104-5ad514c88d92_attendee_0
  🔄 Updated attendees document: 019781d7-a8f9-723f-8b78-b449d5467f8d
  ⏭️ No changes needed for: import_371a8bae-7c4f-4650-a0d6-085912e5f57c_attendee_0
  ⏭️ No changes needed for: import_b59e8fde-a714-448a-976c-78d7d086a864_attendee_0
  ⏭️ No changes needed for: import_ac880769-a251-4914-b16d-f75b4d839a2d_attendee_0
  ⏭️ No changes needed for: import_92d8d83d-cc7a-4b7d-87de-8f745474b55b_attendee_0
  ⏭️ No changes needed for: import_92d8d83d-cc7a-4b7d-87de-8f745474b55b_attendee_1
  ⏭️ No changes needed for: import_c2f9862b-e01b-4a40-b111-6b8bd836e0fc_attendee_0
  ⏭️ No changes needed for: import_c2f9862b-e01b-4a40-b111-6b8bd836e0fc_attendee_1
  ⏭️ No changes needed for: import_c2f9862b-e01b-4a40-b111-6b8bd836e0fc_attendee_2
  ⏭️ No changes needed for: import_c2f9862b-e01b-4a40-b111-6b8bd836e0fc_attendee_3
  ⏭️ No changes needed for: import_c2f9862b-e01b-4a40-b111-6b8bd836e0fc_attendee_4
