=== PAYMENT SYNC FAILURE LOG ===
Started at: 2025-08-11T12:55:52.891Z
This log contains payments that FAILED (not skipped)


===== FAILURE #2 =====
Payment ID: pi_3RYJFqKBASow5NsW1FnwbG6O
Provider: DA-LODGETIX
Amount: 264.56 aud
Created: 2025-06-10T03:53:42.000Z
Status: succeeded
Reason: No registration found in Supabase and not in existing payments collection

===== FAILURE #4 =====
Payment ID: pi_3RW8isKBASow5NsW1aVRgXZx
Provider: DA-LODGETIX
Amount: 4.38 aud
Created: 2025-06-04T04:14:42.000Z
Status: succeeded
Reason: No registration found in Supabase and not in existing payments collection

===== FAILURE #6 =====
Payment ID: pi_3RW69fKBASow5NsW1TTIQGKJ
Provider: DA-LODGETIX
Amount: 4.38 aud
Created: 2025-06-04T01:30:11.000Z
Status: succeeded
Reason: No registration found in Supabase and not in existing payments collection

===== FAILURE #8 =====
Payment ID: pi_3RVhHvKBASow5NsW1sDbGAl9
Provider: DA-LODGETIX
Amount: 1000 aud
Created: 2025-06-02T22:57:03.000Z
Status: succeeded
Reason: No registration found in Supabase and not in existing payments collection

===== FAILURE #10 =====
Payment ID: pi_3Rapg5HDfNBUEWUu1SerjCaa
Provider: WS-LODGETIX
Amount: 2.85 aud
Created: 2025-06-17T02:55:13.000Z
Status: succeeded
Reason: No registration found in Supabase and not in existing payments collection

===== FAILURE #12 =====
Payment ID: pi_3RapOPHDfNBUEWUu08fAWXeJ
Provider: WS-LODGETIX
Amount: 2.85 aud
Created: 2025-06-17T02:36:57.000Z
Status: succeeded
Reason: No registration found in Supabase and not in existing payments collection

===== FAILURE #14 =====
Payment ID: pi_3Ragt2HDfNBUEWUu05xBICiy
Provider: WS-LODGETIX
Amount: 1.86 aud
Created: 2025-06-16T17:32:00.000Z
Status: succeeded
Reason: No registration found in Supabase and not in existing payments collection

===== FAILURE #16 =====
Payment ID: pi_3RZInfHDfNBUEWUu0BQQrnLx
Provider: WS-LODGETIX
Amount: 1190.54 aud
Created: 2025-06-12T21:36:43.000Z
Status: succeeded
Reason: No registration found in Supabase and not in existing payments collection


=== SYNC SUMMARY ===
Completed at: 2025-08-11T12:55:59.515Z
Processed: 0
Skipped: 85
Failed: 17
Total: 102
